2022-08-30 06:10:03,200 [INFO] Entered GetCPUUsage
2022-08-30 06:10:07,215 [INFO] Exited  GetCPUUsage
2022-08-30 06:10:07,216 [INFO] Entered GetDiskUsage
2022-08-30 06:10:07,222 [INFO] Exited  GetDiskUsage
2022-08-30 06:10:07,224 [INFO] Entered GetMemoryUsage
2022-08-30 06:10:07,233 [INFO] Exited  GetMemoryUsage
2022-08-30 06:10:07,400 [INFO] package: mysql.connector.plugins
2022-08-30 06:10:07,401 [INFO] plugin_name: caching_sha2_password
2022-08-30 06:10:07,403 [INFO] AUTHENTICATION_PLUGIN_CLASS: MySQLCachingSHA2PasswordAuthPlugin
2022-08-30 06:10:07,407 [INFO] Entered StoreUsage
2022-08-30 06:10:07,409 [INFO] Entered CheckTableSize
2022-08-30 06:10:07,469 [INFO] Exited  CheckTableSize
2022-08-30 06:10:07,515 [INFO] Exited  StoreUsage
2022-08-30 06:10:07,515 [INFO] Entered StoreUsage
2022-08-30 06:10:07,516 [INFO] Entered CheckTableSize
2022-08-30 06:10:07,555 [INFO] Exited  CheckTableSize
2022-08-30 06:10:07,570 [INFO] Exited  StoreUsage
2022-08-30 06:10:07,572 [INFO] Entered StoreUsage
2022-08-30 06:10:07,580 [INFO] Entered CheckTableSize
2022-08-30 06:10:07,638 [INFO] Exited  CheckTableSize
2022-08-30 06:10:07,647 [INFO] Exited  StoreUsage
