2022-08-30 06:16:02,405 [INFO] Entered GetCPUUsage
2022-08-30 06:16:06,410 [INFO] Exited  GetCPUUsage
2022-08-30 06:16:06,411 [INFO] Entered GetDiskUsage
2022-08-30 06:16:06,411 [INFO] Exited  GetDiskUsage
2022-08-30 06:16:06,411 [INFO] Entered GetMemoryUsage
2022-08-30 06:16:06,412 [INFO] Exited  GetMemoryUsage
2022-08-30 06:16:06,500 [INFO] package: mysql.connector.plugins
2022-08-30 06:16:06,500 [INFO] plugin_name: caching_sha2_password
2022-08-30 06:16:06,502 [INFO] AUTHENTICATION_PLUGIN_CLASS: MySQLCachingSHA2PasswordAuthPlugin
2022-08-30 06:16:06,505 [INFO] Entered StoreUsage
2022-08-30 06:16:06,506 [INFO] Entered CheckTableSize
2022-08-30 06:16:06,572 [INFO] Exited  CheckTableSize
2022-08-30 06:16:06,581 [INFO] Exited  StoreUsage
2022-08-30 06:16:06,582 [INFO] Entered StoreUsage
2022-08-30 06:16:06,583 [INFO] Entered CheckTableSize
2022-08-30 06:16:06,623 [INFO] Exited  CheckTableSize
2022-08-30 06:16:06,628 [INFO] Exited  StoreUsage
2022-08-30 06:16:06,629 [INFO] Entered StoreUsage
2022-08-30 06:16:06,630 [INFO] Entered CheckTableSize
2022-08-30 06:16:06,685 [INFO] Exited  CheckTableSize
2022-08-30 06:16:06,693 [INFO] Exited  StoreUsage
