2022-08-30 06:21:02,355 [INFO] Entered GetCPUUsage
2022-08-30 06:21:06,361 [INFO] Exited  GetCPUUsage
2022-08-30 06:21:06,361 [INFO] Entered GetDiskUsage
2022-08-30 06:21:06,361 [INFO] Exited  GetDiskUsage
2022-08-30 06:21:06,362 [INFO] Entered GetMemoryUsage
2022-08-30 06:21:06,363 [INFO] Exited  GetMemoryUsage
2022-08-30 06:21:06,451 [INFO] package: mysql.connector.plugins
2022-08-30 06:21:06,451 [INFO] plugin_name: caching_sha2_password
2022-08-30 06:21:06,453 [INFO] AUTHENTICATION_PLUGIN_CLASS: MySQLCachingSHA2PasswordAuthPlugin
2022-08-30 06:21:06,455 [INFO] Entered StoreUsage
2022-08-30 06:21:06,457 [INFO] Entered CheckTableSize
2022-08-30 06:21:06,513 [INFO] Exited  CheckTableSize
2022-08-30 06:21:06,523 [INFO] Exited  StoreUsage
2022-08-30 06:21:06,523 [INFO] Entered StoreUsage
2022-08-30 06:21:06,524 [INFO] Entered CheckTableSize
2022-08-30 06:21:06,566 [INFO] Exited  CheckTableSize
2022-08-30 06:21:06,571 [INFO] Exited  StoreUsage
2022-08-30 06:21:06,571 [INFO] Entered StoreUsage
2022-08-30 06:21:06,573 [INFO] Entered CheckTableSize
2022-08-30 06:21:06,638 [INFO] Exited  CheckTableSize
2022-08-30 06:21:06,644 [INFO] Exited  StoreUsage
