2022-08-30 06:17:02,719 [INFO] Entered GetCPUUsage
2022-08-30 06:17:06,726 [INFO] Exited  GetCPUUsage
2022-08-30 06:17:06,726 [INFO] Entered GetDiskUsage
2022-08-30 06:17:06,726 [INFO] Exited  GetDiskUsage
2022-08-30 06:17:06,726 [INFO] Entered GetMemoryUsage
2022-08-30 06:17:06,728 [INFO] Exited  GetMemoryUsage
2022-08-30 06:17:06,850 [INFO] package: mysql.connector.plugins
2022-08-30 06:17:06,850 [INFO] plugin_name: caching_sha2_password
2022-08-30 06:17:06,852 [INFO] AUTHENTICATION_PLUGIN_CLASS: MySQLCachingSHA2PasswordAuthPlugin
2022-08-30 06:17:06,855 [INFO] Entered StoreUsage
2022-08-30 06:17:06,856 [INFO] Entered CheckTableSize
2022-08-30 06:17:06,909 [INFO] Exited  CheckTableSize
2022-08-30 06:17:06,930 [INFO] Exited  StoreUsage
2022-08-30 06:17:06,930 [INFO] Entered StoreUsage
2022-08-30 06:17:06,933 [INFO] Entered CheckTableSize
2022-08-30 06:17:06,988 [INFO] Exited  CheckTableSize
2022-08-30 06:17:06,995 [INFO] Exited  StoreUsage
2022-08-30 06:17:06,996 [INFO] Entered StoreUsage
2022-08-30 06:17:06,997 [INFO] Entered CheckTableSize
2022-08-30 06:17:07,061 [INFO] Exited  CheckTableSize
2022-08-30 06:17:07,066 [INFO] Exited  StoreUsage
