2022-08-30 05:37:02,230 [INFO] Entered GetCPUUsage
2022-08-30 05:37:06,233 [INFO] Exited  GetCPUUsage
2022-08-30 05:37:06,233 [INFO] Entered GetDiskUsage
2022-08-30 05:37:06,234 [INFO] Exited  GetDiskUsage
2022-08-30 05:37:06,234 [INFO] Entered GetMemoryUsage
2022-08-30 05:37:06,235 [INFO] Exited  GetMemoryUsage
2022-08-30 05:37:06,366 [INFO] package: mysql.connector.plugins
2022-08-30 05:37:06,366 [INFO] plugin_name: caching_sha2_password
2022-08-30 05:37:06,368 [INFO] AUTHENTICATION_PLUGIN_CLASS: MySQLCachingSHA2PasswordAuthPlugin
2022-08-30 05:37:06,370 [INFO] Entered StoreUsage
2022-08-30 05:37:06,372 [INFO] Entered CheckTableSize
2022-08-30 05:37:06,421 [INFO] Exited  CheckTableSize
2022-08-30 05:37:06,461 [INFO] Exited  StoreUsage
2022-08-30 05:37:06,461 [INFO] Entered StoreUsage
2022-08-30 05:37:06,463 [INFO] Entered CheckTableSize
2022-08-30 05:37:06,506 [INFO] Exited  CheckTableSize
2022-08-30 05:37:06,512 [INFO] Exited  StoreUsage
2022-08-30 05:37:06,512 [INFO] Entered StoreUsage
2022-08-30 05:37:06,513 [INFO] Entered CheckTableSize
2022-08-30 05:37:06,577 [INFO] Exited  CheckTableSize
2022-08-30 05:37:06,581 [INFO] Exited  StoreUsage
