2022-08-30 06:04:02,940 [INFO] Entered GetCPUUsage
2022-08-30 06:04:06,947 [INFO] Exited  GetCPUUsage
2022-08-30 06:04:06,947 [INFO] Entered GetDiskUsage
2022-08-30 06:04:06,947 [INFO] Exited  GetDiskUsage
2022-08-30 06:04:06,948 [INFO] Entered GetMemoryUsage
2022-08-30 06:04:06,950 [INFO] Exited  GetMemoryUsage
2022-08-30 06:04:07,045 [INFO] package: mysql.connector.plugins
2022-08-30 06:04:07,045 [INFO] plugin_name: caching_sha2_password
2022-08-30 06:04:07,047 [INFO] AUTHENTICATION_PLUGIN_CLASS: MySQLCachingSHA2PasswordAuthPlugin
2022-08-30 06:04:07,050 [INFO] Entered StoreUsage
2022-08-30 06:04:07,051 [INFO] Entered CheckTableSize
2022-08-30 06:04:07,106 [INFO] Exited  CheckTableSize
2022-08-30 06:04:07,457 [INFO] Exited  StoreUsage
2022-08-30 06:04:07,457 [INFO] Entered StoreUsage
2022-08-30 06:04:07,458 [INFO] Entered CheckTableSize
2022-08-30 06:04:07,506 [INFO] Exited  CheckTableSize
2022-08-30 06:04:07,512 [INFO] Exited  StoreUsage
2022-08-30 06:04:07,513 [INFO] Entered StoreUsage
2022-08-30 06:04:07,514 [INFO] Entered CheckTableSize
2022-08-30 06:04:07,542 [INFO] Exited  CheckTableSize
2022-08-30 06:04:07,547 [INFO] Exited  StoreUsage
