2022-08-30 06:05:03,844 [INFO] Entered GetCPUUsage
2022-08-30 06:05:07,849 [INFO] Exited  GetCPUUsage
2022-08-30 06:05:07,849 [INFO] Entered GetDiskUsage
2022-08-30 06:05:07,850 [INFO] Exited  GetDiskUsage
2022-08-30 06:05:07,850 [INFO] Entered GetMemoryUsage
2022-08-30 06:05:07,852 [INFO] Exited  GetMemoryUsage
2022-08-30 06:05:07,972 [INFO] package: mysql.connector.plugins
2022-08-30 06:05:07,972 [INFO] plugin_name: caching_sha2_password
2022-08-30 06:05:07,974 [INFO] AUTHENTICATION_PLUGIN_CLASS: MySQLCachingSHA2PasswordAuthPlugin
2022-08-30 06:05:07,977 [INFO] Entered StoreUsage
2022-08-30 06:05:07,979 [INFO] Entered CheckTableSize
2022-08-30 06:05:08,041 [INFO] Exited  CheckTableSize
2022-08-30 06:05:08,048 [INFO] Exited  StoreUsage
2022-08-30 06:05:08,049 [INFO] Entered StoreUsage
2022-08-30 06:05:08,050 [INFO] Entered CheckTableSize
2022-08-30 06:05:08,108 [INFO] Exited  CheckTableSize
2022-08-30 06:05:08,113 [INFO] Exited  StoreUsage
2022-08-30 06:05:08,114 [INFO] Entered StoreUsage
2022-08-30 06:05:08,115 [INFO] Entered CheckTableSize
2022-08-30 06:05:08,193 [INFO] Exited  CheckTableSize
2022-08-30 06:05:08,222 [INFO] Exited  StoreUsage
