2022-08-30 07:44:02,702 [INFO] Entered GetCPUUsage
2022-08-30 07:44:06,706 [INFO] Exited  GetCPUUsage
2022-08-30 07:44:06,706 [INFO] Entered GetDiskUsage
2022-08-30 07:44:06,707 [INFO] Exited  GetDiskUsage
2022-08-30 07:44:06,707 [INFO] Entered GetMemoryUsage
2022-08-30 07:44:06,709 [INFO] Exited  GetMemoryUsage
2022-08-30 07:44:06,829 [INFO] package: mysql.connector.plugins
2022-08-30 07:44:06,832 [INFO] plugin_name: caching_sha2_password
2022-08-30 07:44:06,840 [INFO] AUTHENTICATION_PLUGIN_CLASS: MySQLCachingSHA2PasswordAuthPlugin
2022-08-30 07:44:06,858 [INFO] Entered StoreUsage
2022-08-30 07:44:06,868 [INFO] Entered CheckTableSize
2022-08-30 07:44:06,948 [INFO] Exited  CheckTableSize
2022-08-30 07:44:06,982 [INFO] Exited  StoreUsage
2022-08-30 07:44:06,982 [INFO] Entered StoreUsage
2022-08-30 07:44:06,983 [INFO] Entered CheckTableSize
2022-08-30 07:44:07,013 [INFO] Exited  CheckTableSize
2022-08-30 07:44:07,019 [INFO] Exited  StoreUsage
2022-08-30 07:44:07,019 [INFO] Entered StoreUsage
2022-08-30 07:44:07,021 [INFO] Entered CheckTableSize
2022-08-30 07:44:07,077 [INFO] Exited  CheckTableSize
2022-08-30 07:44:07,081 [INFO] Exited  StoreUsage
