2022-08-30 07:35:02,659 [INFO] Entered GetCPUUsage
2022-08-30 07:35:06,663 [INFO] Exited  GetCPUUsage
2022-08-30 07:35:06,663 [INFO] Entered GetDiskUsage
2022-08-30 07:35:06,663 [INFO] Exited  GetDiskUsage
2022-08-30 07:35:06,664 [INFO] Entered GetMemoryUsage
2022-08-30 07:35:06,665 [INFO] Exited  GetMemoryUsage
2022-08-30 07:35:06,749 [INFO] package: mysql.connector.plugins
2022-08-30 07:35:06,749 [INFO] plugin_name: caching_sha2_password
2022-08-30 07:35:06,752 [INFO] AUTHENTICATION_PLUGIN_CLASS: MySQLCachingSHA2PasswordAuthPlugin
2022-08-30 07:35:06,755 [INFO] Entered StoreUsage
2022-08-30 07:35:06,757 [INFO] Entered CheckTableSize
2022-08-30 07:35:06,814 [INFO] Exited  CheckTableSize
2022-08-30 07:35:06,879 [INFO] Exited  StoreUsage
2022-08-30 07:35:06,880 [INFO] Entered StoreUsage
2022-08-30 07:35:06,895 [INFO] Entered CheckTableSize
2022-08-30 07:35:06,957 [INFO] Exited  CheckTableSize
2022-08-30 07:35:06,965 [INFO] Exited  StoreUsage
2022-08-30 07:35:06,965 [INFO] Entered StoreUsage
2022-08-30 07:35:06,967 [INFO] Entered CheckTableSize
2022-08-30 07:35:07,025 [INFO] Exited  CheckTableSize
2022-08-30 07:35:07,042 [INFO] Exited  StoreUsage
