2022-08-30 05:46:02,463 [INFO] Entered GetCPUUsage
2022-08-30 05:46:06,473 [INFO] Exited  GetCPUUsage
2022-08-30 05:46:06,474 [INFO] Entered GetDiskUsage
2022-08-30 05:46:06,474 [INFO] Exited  GetDiskUsage
2022-08-30 05:46:06,474 [INFO] Entered GetMemoryUsage
2022-08-30 05:46:06,476 [INFO] Exited  GetMemoryUsage
2022-08-30 05:46:06,584 [INFO] package: mysql.connector.plugins
2022-08-30 05:46:06,585 [INFO] plugin_name: caching_sha2_password
2022-08-30 05:46:06,586 [INFO] AUTHENTICATION_PLUGIN_CLASS: MySQLCachingSHA2PasswordAuthPlugin
2022-08-30 05:46:06,589 [INFO] Entered StoreUsage
2022-08-30 05:46:06,590 [INFO] Entered CheckTableSize
2022-08-30 05:46:06,656 [INFO] Exited  CheckTableSize
2022-08-30 05:46:06,690 [INFO] Exited  StoreUsage
2022-08-30 05:46:06,692 [INFO] Entered StoreUsage
2022-08-30 05:46:06,707 [INFO] Entered CheckTableSize
2022-08-30 05:46:06,769 [INFO] Exited  CheckTableSize
2022-08-30 05:46:06,777 [INFO] Exited  StoreUsage
2022-08-30 05:46:06,777 [INFO] Entered StoreUsage
2022-08-30 05:46:06,779 [INFO] Entered CheckTableSize
2022-08-30 05:46:06,819 [INFO] Exited  CheckTableSize
2022-08-30 05:46:06,826 [INFO] Exited  StoreUsage
