2022-08-30 07:31:01,822 [INFO] Entered GetCPUUsage
2022-08-30 07:31:05,831 [INFO] Exited  GetCPUUsage
2022-08-30 07:31:05,833 [INFO] Entered GetDiskUsage
2022-08-30 07:31:05,841 [INFO] Exited  GetDiskUsage
2022-08-30 07:31:05,843 [INFO] Entered GetMemoryUsage
2022-08-30 07:31:05,878 [INFO] Exited  GetMemoryUsage
2022-08-30 07:31:05,993 [INFO] package: mysql.connector.plugins
2022-08-30 07:31:05,994 [INFO] plugin_name: caching_sha2_password
2022-08-30 07:31:05,996 [INFO] AUTHENTICATION_PLUGIN_CLASS: MySQLCachingSHA2PasswordAuthPlugin
2022-08-30 07:31:05,998 [INFO] Entered StoreUsage
2022-08-30 07:31:05,999 [INFO] Entered CheckTableSize
2022-08-30 07:31:06,069 [INFO] Exited  CheckTableSize
2022-08-30 07:31:06,124 [INFO] Exited  StoreUsage
2022-08-30 07:31:06,124 [INFO] Entered StoreUsage
2022-08-30 07:31:06,125 [INFO] Entered CheckTableSize
2022-08-30 07:31:06,181 [INFO] Exited  CheckTableSize
2022-08-30 07:31:06,188 [INFO] Exited  StoreUsage
2022-08-30 07:31:06,188 [INFO] Entered StoreUsage
2022-08-30 07:31:06,192 [INFO] Entered CheckTableSize
2022-08-30 07:31:06,238 [INFO] Exited  CheckTableSize
2022-08-30 07:31:06,304 [INFO] Exited  StoreUsage
