2022-08-30 07:23:02,698 [INFO] Entered GetCPUUsage
2022-08-30 07:23:06,705 [INFO] Exited  GetCPUUsage
2022-08-30 07:23:06,705 [INFO] Entered GetDiskUsage
2022-08-30 07:23:06,706 [INFO] Exited  GetDiskUsage
2022-08-30 07:23:06,706 [INFO] Entered GetMemoryUsage
2022-08-30 07:23:06,715 [INFO] Exited  GetMemoryUsage
2022-08-30 07:23:06,916 [INFO] package: mysql.connector.plugins
2022-08-30 07:23:06,916 [INFO] plugin_name: caching_sha2_password
2022-08-30 07:23:06,919 [INFO] AUTHENTICATION_PLUGIN_CLASS: MySQLCachingSHA2PasswordAuthPlugin
2022-08-30 07:23:06,922 [INFO] Entered StoreUsage
2022-08-30 07:23:06,924 [INFO] Entered CheckTableSize
2022-08-30 07:23:06,992 [INFO] Exited  CheckTableSize
2022-08-30 07:23:07,028 [INFO] Exited  StoreUsage
2022-08-30 07:23:07,029 [INFO] Entered StoreUsage
2022-08-30 07:23:07,030 [INFO] Entered CheckTableSize
2022-08-30 07:23:07,060 [INFO] Exited  CheckTableSize
2022-08-30 07:23:07,067 [INFO] Exited  StoreUsage
2022-08-30 07:23:07,067 [INFO] Entered StoreUsage
2022-08-30 07:23:07,069 [INFO] Entered CheckTableSize
2022-08-30 07:23:07,097 [INFO] Exited  CheckTableSize
2022-08-30 07:23:07,228 [INFO] Exited  StoreUsage
