2022-08-30 06:01:03,307 [INFO] Entered GetCPUUsage
2022-08-30 06:01:07,331 [INFO] Exited  GetCPUUsage
2022-08-30 06:01:07,331 [INFO] Entered GetDiskUsage
2022-08-30 06:01:07,332 [INFO] Exited  GetDiskUsage
2022-08-30 06:01:07,332 [INFO] Entered GetMemoryUsage
2022-08-30 06:01:07,334 [INFO] Exited  GetMemoryUsage
2022-08-30 06:01:07,484 [INFO] package: mysql.connector.plugins
2022-08-30 06:01:07,485 [INFO] plugin_name: caching_sha2_password
2022-08-30 06:01:07,487 [INFO] AUTHENTICATION_PLUGIN_CLASS: MySQLCachingSHA2PasswordAuthPlugin
2022-08-30 06:01:07,490 [INFO] Entered StoreUsage
2022-08-30 06:01:07,491 [INFO] Entered CheckTableSize
2022-08-30 06:01:07,546 [INFO] Exited  CheckTableSize
2022-08-30 06:01:07,597 [INFO] Exited  StoreUsage
2022-08-30 06:01:07,598 [INFO] Entered StoreUsage
2022-08-30 06:01:07,599 [INFO] Entered CheckTableSize
2022-08-30 06:01:07,642 [INFO] Exited  CheckTableSize
2022-08-30 06:01:07,652 [INFO] Exited  StoreUsage
2022-08-30 06:01:07,652 [INFO] Entered StoreUsage
2022-08-30 06:01:07,654 [INFO] Entered CheckTableSize
2022-08-30 06:01:07,706 [INFO] Exited  CheckTableSize
2022-08-30 06:01:07,713 [INFO] Exited  StoreUsage
