2022-08-30 05:55:02,301 [INFO] Entered GetCPUUsage
2022-08-30 05:55:06,309 [INFO] Exited  GetCPUUsage
2022-08-30 05:55:06,309 [INFO] Entered GetDiskUsage
2022-08-30 05:55:06,310 [INFO] Exited  GetDiskUsage
2022-08-30 05:55:06,310 [INFO] Entered GetMemoryUsage
2022-08-30 05:55:06,312 [INFO] Exited  GetMemoryUsage
2022-08-30 05:55:06,421 [INFO] package: mysql.connector.plugins
2022-08-30 05:55:06,421 [INFO] plugin_name: caching_sha2_password
2022-08-30 05:55:06,423 [INFO] AUTHENTICATION_PLUGIN_CLASS: MySQLCachingSHA2PasswordAuthPlugin
2022-08-30 05:55:06,425 [INFO] Entered StoreUsage
2022-08-30 05:55:06,426 [INFO] Entered CheckTableSize
2022-08-30 05:55:06,497 [INFO] Exited  CheckTableSize
2022-08-30 05:55:06,535 [INFO] Exited  StoreUsage
2022-08-30 05:55:06,536 [INFO] Entered StoreUsage
2022-08-30 05:55:06,541 [INFO] Entered CheckTableSize
2022-08-30 05:55:06,578 [INFO] Exited  CheckTableSize
2022-08-30 05:55:06,592 [INFO] Exited  StoreUsage
2022-08-30 05:55:06,592 [INFO] Entered StoreUsage
2022-08-30 05:55:06,593 [INFO] Entered CheckTableSize
2022-08-30 05:55:06,607 [INFO] Exited  CheckTableSize
2022-08-30 05:55:06,701 [INFO] Exited  StoreUsage
