2022-08-30 05:57:02,459 [INFO] Entered GetCPUUsage
2022-08-30 05:57:06,465 [INFO] Exited  GetCPUUsage
2022-08-30 05:57:06,466 [INFO] Entered GetDiskUsage
2022-08-30 05:57:06,466 [INFO] Exited  GetDiskUsage
2022-08-30 05:57:06,466 [INFO] Entered GetMemoryUsage
2022-08-30 05:57:06,468 [INFO] Exited  GetMemoryUsage
2022-08-30 05:57:06,573 [INFO] package: mysql.connector.plugins
2022-08-30 05:57:06,573 [INFO] plugin_name: caching_sha2_password
2022-08-30 05:57:06,575 [INFO] AUTHENTICATION_PLUGIN_CLASS: MySQLCachingSHA2PasswordAuthPlugin
2022-08-30 05:57:06,581 [INFO] Entered StoreUsage
2022-08-30 05:57:06,582 [INFO] Entered CheckTableSize
2022-08-30 05:57:06,643 [INFO] Exited  CheckTableSize
2022-08-30 05:57:06,686 [INFO] Exited  StoreUsage
2022-08-30 05:57:06,687 [INFO] Entered StoreUsage
2022-08-30 05:57:06,688 [INFO] Entered CheckTableSize
2022-08-30 05:57:06,746 [INFO] Exited  CheckTableSize
2022-08-30 05:57:06,798 [INFO] Exited  StoreUsage
2022-08-30 05:57:06,798 [INFO] Entered StoreUsage
2022-08-30 05:57:06,800 [INFO] Entered CheckTableSize
2022-08-30 05:57:06,857 [INFO] Exited  CheckTableSize
2022-08-30 05:57:06,870 [INFO] Exited  StoreUsage
