2022-08-30 07:45:02,436 [INFO] Entered GetCPUUsage
2022-08-30 07:45:06,440 [INFO] Exited  GetCPUUsage
2022-08-30 07:45:06,440 [INFO] Entered GetDiskUsage
2022-08-30 07:45:06,441 [INFO] Exited  GetDiskUsage
2022-08-30 07:45:06,441 [INFO] Entered GetMemoryUsage
2022-08-30 07:45:06,442 [INFO] Exited  GetMemoryUsage
2022-08-30 07:45:06,523 [INFO] package: mysql.connector.plugins
2022-08-30 07:45:06,523 [INFO] plugin_name: caching_sha2_password
2022-08-30 07:45:06,525 [INFO] AUTHENTICATION_PLUGIN_CLASS: MySQLCachingSHA2PasswordAuthPlugin
2022-08-30 07:45:06,527 [INFO] Entered StoreUsage
2022-08-30 07:45:06,528 [INFO] Entered CheckTableSize
2022-08-30 07:45:06,585 [INFO] Exited  CheckTableSize
2022-08-30 07:45:06,610 [INFO] Exited  StoreUsage
2022-08-30 07:45:06,610 [INFO] Entered StoreUsage
2022-08-30 07:45:06,612 [INFO] Entered CheckTableSize
2022-08-30 07:45:06,674 [INFO] Exited  CheckTableSize
2022-08-30 07:45:06,699 [INFO] Exited  StoreUsage
2022-08-30 07:45:06,700 [INFO] Entered StoreUsage
2022-08-30 07:45:06,702 [INFO] Entered CheckTableSize
2022-08-30 07:45:06,766 [INFO] Exited  CheckTableSize
2022-08-30 07:45:06,771 [INFO] Exited  StoreUsage
