2022-08-30 05:59:02,470 [INFO] Entered GetCPUUsage
2022-08-30 05:59:06,476 [INFO] Exited  GetCPUUsage
2022-08-30 05:59:06,482 [INFO] Entered GetDiskUsage
2022-08-30 05:59:06,487 [INFO] Exited  GetDiskUsage
2022-08-30 05:59:06,488 [INFO] Entered GetMemoryUsage
2022-08-30 05:59:06,500 [INFO] Exited  GetMemoryUsage
2022-08-30 05:59:06,668 [INFO] package: mysql.connector.plugins
2022-08-30 05:59:06,669 [INFO] plugin_name: caching_sha2_password
2022-08-30 05:59:06,673 [INFO] AUTHENTICATION_PLUGIN_CLASS: MySQLCachingSHA2PasswordAuthPlugin
2022-08-30 05:59:06,676 [INFO] Entered StoreUsage
2022-08-30 05:59:06,677 [INFO] Entered CheckTableSize
2022-08-30 05:59:06,736 [INFO] Exited  CheckTableSize
2022-08-30 05:59:06,742 [INFO] Exited  StoreUsage
2022-08-30 05:59:06,743 [INFO] Entered StoreUsage
2022-08-30 05:59:06,744 [INFO] Entered CheckTableSize
2022-08-30 05:59:06,791 [INFO] Exited  CheckTableSize
2022-08-30 05:59:06,815 [INFO] Exited  StoreUsage
2022-08-30 05:59:06,815 [INFO] Entered StoreUsage
2022-08-30 05:59:06,816 [INFO] Entered CheckTableSize
2022-08-30 05:59:06,881 [INFO] Exited  CheckTableSize
2022-08-30 05:59:06,894 [INFO] Exited  StoreUsage
