2022-08-30 06:22:02,410 [INFO] Entered GetCPUUsage
2022-08-30 06:22:06,416 [INFO] Exited  GetCPUUsage
2022-08-30 06:22:06,416 [INFO] Entered GetDiskUsage
2022-08-30 06:22:06,416 [INFO] Exited  GetDiskUsage
2022-08-30 06:22:06,416 [INFO] Entered GetMemoryUsage
2022-08-30 06:22:06,418 [INFO] Exited  GetMemoryUsage
2022-08-30 06:22:06,501 [INFO] package: mysql.connector.plugins
2022-08-30 06:22:06,501 [INFO] plugin_name: caching_sha2_password
2022-08-30 06:22:06,503 [INFO] AUTHENTICATION_PLUGIN_CLASS: MySQLCachingSHA2PasswordAuthPlugin
2022-08-30 06:22:06,505 [INFO] Entered StoreUsage
2022-08-30 06:22:06,506 [INFO] Entered CheckTableSize
2022-08-30 06:22:06,563 [INFO] Exited  CheckTableSize
2022-08-30 06:22:06,611 [INFO] Exited  StoreUsage
2022-08-30 06:22:06,611 [INFO] Entered StoreUsage
2022-08-30 06:22:06,613 [INFO] Entered CheckTableSize
2022-08-30 06:22:06,681 [INFO] Exited  CheckTableSize
2022-08-30 06:22:06,701 [INFO] Exited  StoreUsage
2022-08-30 06:22:06,702 [INFO] Entered StoreUsage
2022-08-30 06:22:06,703 [INFO] Entered CheckTableSize
2022-08-30 06:22:06,759 [INFO] Exited  CheckTableSize
2022-08-30 06:22:06,765 [INFO] Exited  StoreUsage
