2022-08-30 07:54:03,062 [INFO] Entered GetCPUUsage
2022-08-30 07:54:07,067 [INFO] Exited  GetCPUUsage
2022-08-30 07:54:07,068 [INFO] Entered GetDiskUsage
2022-08-30 07:54:07,068 [INFO] Exited  GetDiskUsage
2022-08-30 07:54:07,068 [INFO] Entered GetMemoryUsage
2022-08-30 07:54:07,069 [INFO] Exited  GetMemoryUsage
2022-08-30 07:54:07,178 [INFO] package: mysql.connector.plugins
2022-08-30 07:54:07,179 [INFO] plugin_name: caching_sha2_password
2022-08-30 07:54:07,180 [INFO] AUTHENTICATION_PLUGIN_CLASS: MySQLCachingSHA2PasswordAuthPlugin
2022-08-30 07:54:07,190 [INFO] Entered StoreUsage
2022-08-30 07:54:07,192 [INFO] Entered CheckTableSize
2022-08-30 07:54:07,227 [INFO] Exited  CheckTableSize
2022-08-30 07:54:07,247 [INFO] Exited  StoreUsage
2022-08-30 07:54:07,247 [INFO] Entered StoreUsage
2022-08-30 07:54:07,249 [INFO] Entered CheckTableSize
2022-08-30 07:54:07,253 [INFO] Exited  CheckTableSize
2022-08-30 07:54:07,259 [INFO] Exited  StoreUsage
2022-08-30 07:54:07,259 [INFO] Entered StoreUsage
2022-08-30 07:54:07,261 [INFO] Entered CheckTableSize
2022-08-30 07:54:07,297 [INFO] Exited  CheckTableSize
2022-08-30 07:54:07,303 [INFO] Exited  StoreUsage
