2022-08-30 07:55:02,089 [INFO] Entered GetCPUUsage
2022-08-30 07:55:06,094 [INFO] Exited  GetCPUUsage
2022-08-30 07:55:06,094 [INFO] Entered GetDiskUsage
2022-08-30 07:55:06,094 [INFO] Exited  GetDiskUsage
2022-08-30 07:55:06,095 [INFO] Entered GetMemoryUsage
2022-08-30 07:55:06,096 [INFO] Exited  GetMemoryUsage
2022-08-30 07:55:06,196 [INFO] package: mysql.connector.plugins
2022-08-30 07:55:06,196 [INFO] plugin_name: caching_sha2_password
2022-08-30 07:55:06,198 [INFO] AUTHENTICATION_PLUGIN_CLASS: MySQLCachingSHA2PasswordAuthPlugin
2022-08-30 07:55:06,200 [INFO] Entered StoreUsage
2022-08-30 07:55:06,202 [INFO] Entered CheckTableSize
2022-08-30 07:55:06,246 [INFO] Exited  CheckTableSize
2022-08-30 07:55:06,273 [INFO] Exited  StoreUsage
2022-08-30 07:55:06,274 [INFO] Entered StoreUsage
2022-08-30 07:55:06,275 [INFO] Entered CheckTableSize
2022-08-30 07:55:06,319 [INFO] Exited  CheckTableSize
2022-08-30 07:55:06,331 [INFO] Exited  StoreUsage
2022-08-30 07:55:06,332 [INFO] Entered StoreUsage
2022-08-30 07:55:06,333 [INFO] Entered CheckTableSize
2022-08-30 07:55:06,405 [INFO] Exited  CheckTableSize
2022-08-30 07:55:06,432 [INFO] Exited  StoreUsage
