2022-08-30 05:38:02,472 [INFO] Entered GetCPUUsage
2022-08-30 05:38:06,478 [INFO] Exited  GetCPUUsage
2022-08-30 05:38:06,478 [INFO] Entered GetDiskUsage
2022-08-30 05:38:06,478 [INFO] Exited  GetDiskUsage
2022-08-30 05:38:06,479 [INFO] Entered GetMemoryUsage
2022-08-30 05:38:06,480 [INFO] Exited  GetMemoryUsage
2022-08-30 05:38:06,564 [INFO] package: mysql.connector.plugins
2022-08-30 05:38:06,564 [INFO] plugin_name: caching_sha2_password
2022-08-30 05:38:06,566 [INFO] AUTHENTICATION_PLUGIN_CLASS: MySQLCachingSHA2PasswordAuthPlugin
2022-08-30 05:38:06,569 [INFO] Entered StoreUsage
2022-08-30 05:38:06,570 [INFO] Entered CheckTableSize
2022-08-30 05:38:06,623 [INFO] Exited  CheckTableSize
2022-08-30 05:38:06,665 [INFO] Exited  StoreUsage
2022-08-30 05:38:06,665 [INFO] Entered StoreUsage
2022-08-30 05:38:06,667 [INFO] Entered CheckTableSize
2022-08-30 05:38:06,729 [INFO] Exited  CheckTableSize
2022-08-30 05:38:06,735 [INFO] Exited  StoreUsage
2022-08-30 05:38:06,735 [INFO] Entered StoreUsage
2022-08-30 05:38:06,737 [INFO] Entered CheckTableSize
2022-08-30 05:38:06,778 [INFO] Exited  CheckTableSize
2022-08-30 05:38:06,784 [INFO] Exited  StoreUsage
