2022-08-30 07:26:01,798 [INFO] Entered GetCPUUsage
2022-08-30 07:26:05,802 [INFO] Exited  GetCPUUsage
2022-08-30 07:26:05,803 [INFO] Entered GetDiskUsage
2022-08-30 07:26:05,803 [INFO] Exited  GetDiskUsage
2022-08-30 07:26:05,803 [INFO] Entered GetMemoryUsage
2022-08-30 07:26:05,805 [INFO] Exited  GetMemoryUsage
2022-08-30 07:26:05,893 [INFO] package: mysql.connector.plugins
2022-08-30 07:26:05,893 [INFO] plugin_name: caching_sha2_password
2022-08-30 07:26:05,896 [INFO] AUTHENTICATION_PLUGIN_CLASS: MySQLCachingSHA2PasswordAuthPlugin
2022-08-30 07:26:05,900 [INFO] Entered StoreUsage
2022-08-30 07:26:05,901 [INFO] Entered CheckTableSize
2022-08-30 07:26:05,960 [INFO] Exited  CheckTableSize
2022-08-30 07:26:06,011 [INFO] Exited  StoreUsage
2022-08-30 07:26:06,014 [INFO] Entered StoreUsage
2022-08-30 07:26:06,029 [INFO] Entered CheckTableSize
2022-08-30 07:26:06,100 [INFO] Exited  CheckTableSize
2022-08-30 07:26:06,132 [INFO] Exited  StoreUsage
2022-08-30 07:26:06,132 [INFO] Entered StoreUsage
2022-08-30 07:26:06,133 [INFO] Entered CheckTableSize
2022-08-30 07:26:06,194 [INFO] Exited  CheckTableSize
2022-08-30 07:26:06,199 [INFO] Exited  StoreUsage
