2022-08-30 06:14:01,990 [INFO] Entered GetCPUUsage
2022-08-30 06:14:05,995 [INFO] Exited  GetCPUUsage
2022-08-30 06:14:05,995 [INFO] Entered GetDiskUsage
2022-08-30 06:14:05,996 [INFO] Exited  GetDiskUsage
2022-08-30 06:14:05,996 [INFO] Entered GetMemoryUsage
2022-08-30 06:14:05,997 [INFO] Exited  GetMemoryUsage
2022-08-30 06:14:06,081 [INFO] package: mysql.connector.plugins
2022-08-30 06:14:06,081 [INFO] plugin_name: caching_sha2_password
2022-08-30 06:14:06,083 [INFO] AUTHENTICATION_PLUGIN_CLASS: MySQLCachingSHA2PasswordAuthPlugin
2022-08-30 06:14:06,085 [INFO] Entered StoreUsage
2022-08-30 06:14:06,086 [INFO] Entered CheckTableSize
2022-08-30 06:14:06,140 [INFO] Exited  CheckTableSize
2022-08-30 06:14:06,148 [INFO] Exited  StoreUsage
2022-08-30 06:14:06,148 [INFO] Entered StoreUsage
2022-08-30 06:14:06,150 [INFO] Entered CheckTableSize
2022-08-30 06:14:06,208 [INFO] Exited  CheckTableSize
2022-08-30 06:14:06,217 [INFO] Exited  StoreUsage
2022-08-30 06:14:06,217 [INFO] Entered StoreUsage
2022-08-30 06:14:06,218 [INFO] Entered CheckTableSize
2022-08-30 06:14:06,276 [INFO] Exited  CheckTableSize
2022-08-30 06:14:06,286 [INFO] Exited  StoreUsage
