2022-08-30 07:52:03,043 [INFO] Entered GetCPUUsage
2022-08-30 07:52:07,049 [INFO] Exited  GetCPUUsage
2022-08-30 07:52:07,050 [INFO] Entered GetDiskUsage
2022-08-30 07:52:07,050 [INFO] Exited  GetDiskUsage
2022-08-30 07:52:07,050 [INFO] Entered GetMemoryUsage
2022-08-30 07:52:07,051 [INFO] Exited  GetMemoryUsage
2022-08-30 07:52:07,137 [INFO] package: mysql.connector.plugins
2022-08-30 07:52:07,138 [INFO] plugin_name: caching_sha2_password
2022-08-30 07:52:07,140 [INFO] AUTHENTICATION_PLUGIN_CLASS: MySQLCachingSHA2PasswordAuthPlugin
2022-08-30 07:52:07,143 [INFO] Entered StoreUsage
2022-08-30 07:52:07,145 [INFO] Entered CheckTableSize
2022-08-30 07:52:07,200 [INFO] Exited  CheckTableSize
2022-08-30 07:52:07,205 [INFO] Exited  StoreUsage
2022-08-30 07:52:07,205 [INFO] Entered StoreUsage
2022-08-30 07:52:07,206 [INFO] Entered CheckTableSize
2022-08-30 07:52:07,240 [INFO] Exited  CheckTableSize
2022-08-30 07:52:07,246 [INFO] Exited  StoreUsage
2022-08-30 07:52:07,246 [INFO] Entered StoreUsage
2022-08-30 07:52:07,247 [INFO] Entered CheckTableSize
2022-08-30 07:52:07,298 [INFO] Exited  CheckTableSize
2022-08-30 07:52:07,304 [INFO] Exited  StoreUsage
