2022-08-30 06:11:02,854 [INFO] Entered GetCPUUsage
2022-08-30 06:11:06,867 [INFO] Exited  GetCPUUsage
2022-08-30 06:11:06,867 [INFO] Entered GetDiskUsage
2022-08-30 06:11:06,868 [INFO] Exited  GetDiskUsage
2022-08-30 06:11:06,868 [INFO] Entered GetMemoryUsage
2022-08-30 06:11:06,869 [INFO] Exited  GetMemoryUsage
2022-08-30 06:11:07,079 [INFO] package: mysql.connector.plugins
2022-08-30 06:11:07,081 [INFO] plugin_name: caching_sha2_password
2022-08-30 06:11:07,100 [INFO] AUTHENTICATION_PLUGIN_CLASS: MySQLCachingSHA2PasswordAuthPlugin
2022-08-30 06:11:07,115 [INFO] Entered StoreUsage
2022-08-30 06:11:07,129 [INFO] Entered CheckTableSize
2022-08-30 06:11:07,195 [INFO] Exited  CheckTableSize
2022-08-30 06:11:07,252 [INFO] Exited  StoreUsage
2022-08-30 06:11:07,253 [INFO] Entered StoreUsage
2022-08-30 06:11:07,255 [INFO] Entered CheckTableSize
2022-08-30 06:11:07,313 [INFO] Exited  CheckTableSize
2022-08-30 06:11:07,346 [INFO] Exited  StoreUsage
2022-08-30 06:11:07,347 [INFO] Entered StoreUsage
2022-08-30 06:11:07,354 [INFO] Entered CheckTableSize
2022-08-30 06:11:07,435 [INFO] Exited  CheckTableSize
2022-08-30 06:11:07,491 [INFO] Exited  StoreUsage
