2022-08-30 07:41:02,060 [INFO] Entered GetCPUUsage
2022-08-30 07:41:06,068 [INFO] Exited  GetCPUUsage
2022-08-30 07:41:06,069 [INFO] Entered GetDiskUsage
2022-08-30 07:41:06,069 [INFO] Exited  GetDiskUsage
2022-08-30 07:41:06,069 [INFO] Entered GetMemoryUsage
2022-08-30 07:41:06,070 [INFO] Exited  GetMemoryUsage
2022-08-30 07:41:06,149 [INFO] package: mysql.connector.plugins
2022-08-30 07:41:06,149 [INFO] plugin_name: caching_sha2_password
2022-08-30 07:41:06,151 [INFO] AUTHENTICATION_PLUGIN_CLASS: MySQLCachingSHA2PasswordAuthPlugin
2022-08-30 07:41:06,153 [INFO] Entered StoreUsage
2022-08-30 07:41:06,154 [INFO] Entered CheckTableSize
2022-08-30 07:41:06,212 [INFO] Exited  CheckTableSize
2022-08-30 07:41:06,241 [INFO] Exited  StoreUsage
2022-08-30 07:41:06,241 [INFO] Entered StoreUsage
2022-08-30 07:41:06,242 [INFO] Entered CheckTableSize
2022-08-30 07:41:06,321 [INFO] Exited  CheckTableSize
2022-08-30 07:41:06,327 [INFO] Exited  StoreUsage
2022-08-30 07:41:06,327 [INFO] Entered StoreUsage
2022-08-30 07:41:06,329 [INFO] Entered CheckTableSize
2022-08-30 07:41:06,402 [INFO] Exited  CheckTableSize
2022-08-30 07:41:06,408 [INFO] Exited  StoreUsage
