2022-08-30 05:52:02,453 [INFO] Entered GetCPUUsage
2022-08-30 05:52:06,459 [INFO] Exited  GetCPUUsage
2022-08-30 05:52:06,459 [INFO] Entered GetDiskUsage
2022-08-30 05:52:06,460 [INFO] Exited  GetDiskUsage
2022-08-30 05:52:06,460 [INFO] Entered GetMemoryUsage
2022-08-30 05:52:06,461 [INFO] Exited  GetMemoryUsage
2022-08-30 05:52:06,635 [INFO] package: mysql.connector.plugins
2022-08-30 05:52:06,635 [INFO] plugin_name: caching_sha2_password
2022-08-30 05:52:06,637 [INFO] AUTHENTICATION_PLUGIN_CLASS: MySQLCachingSHA2PasswordAuthPlugin
2022-08-30 05:52:06,639 [INFO] Entered StoreUsage
2022-08-30 05:52:06,640 [INFO] Entered CheckTableSize
2022-08-30 05:52:06,697 [INFO] Exited  CheckTableSize
2022-08-30 05:52:06,719 [INFO] Exited  StoreUsage
2022-08-30 05:52:06,721 [INFO] Entered StoreUsage
2022-08-30 05:52:06,738 [INFO] Entered CheckTableSize
2022-08-30 05:52:06,793 [INFO] Exited  CheckTableSize
2022-08-30 05:52:06,800 [INFO] Exited  StoreUsage
2022-08-30 05:52:06,800 [INFO] Entered StoreUsage
2022-08-30 05:52:06,802 [INFO] Entered CheckTableSize
2022-08-30 05:52:06,842 [INFO] Exited  CheckTableSize
2022-08-30 05:52:06,849 [INFO] Exited  StoreUsage
