2022-08-30 06:07:02,596 [INFO] Entered GetCPUUsage
2022-08-30 06:07:06,602 [INFO] Exited  GetCPUUsage
2022-08-30 06:07:06,602 [INFO] Entered GetDiskUsage
2022-08-30 06:07:06,603 [INFO] Exited  GetDiskUsage
2022-08-30 06:07:06,603 [INFO] Entered GetMemoryUsage
2022-08-30 06:07:06,605 [INFO] Exited  GetMemoryUsage
2022-08-30 06:07:06,713 [INFO] package: mysql.connector.plugins
2022-08-30 06:07:06,714 [INFO] plugin_name: caching_sha2_password
2022-08-30 06:07:06,716 [INFO] AUTHENTICATION_PLUGIN_CLASS: MySQLCachingSHA2PasswordAuthPlugin
2022-08-30 06:07:06,719 [INFO] Entered StoreUsage
2022-08-30 06:07:06,720 [INFO] Entered CheckTableSize
2022-08-30 06:07:06,771 [INFO] Exited  CheckTableSize
2022-08-30 06:07:06,828 [INFO] Exited  StoreUsage
2022-08-30 06:07:06,828 [INFO] Entered StoreUsage
2022-08-30 06:07:06,830 [INFO] Entered CheckTableSize
2022-08-30 06:07:06,905 [INFO] Exited  CheckTableSize
2022-08-30 06:07:06,920 [INFO] Exited  StoreUsage
2022-08-30 06:07:06,921 [INFO] Entered StoreUsage
2022-08-30 06:07:06,922 [INFO] Entered CheckTableSize
2022-08-30 06:07:06,978 [INFO] Exited  CheckTableSize
2022-08-30 06:07:06,984 [INFO] Exited  StoreUsage
