2022-08-30 07:46:03,177 [INFO] Entered GetCPUUsage
2022-08-30 07:46:07,181 [INFO] Exited  GetCPUUsage
2022-08-30 07:46:07,182 [INFO] Entered GetDiskUsage
2022-08-30 07:46:07,183 [INFO] Exited  GetDiskUsage
2022-08-30 07:46:07,183 [INFO] Entered GetMemoryUsage
2022-08-30 07:46:07,184 [INFO] Exited  GetMemoryUsage
2022-08-30 07:46:07,374 [INFO] package: mysql.connector.plugins
2022-08-30 07:46:07,379 [INFO] plugin_name: caching_sha2_password
2022-08-30 07:46:07,382 [INFO] AUTHENTICATION_PLUGIN_CLASS: MySQLCachingSHA2PasswordAuthPlugin
2022-08-30 07:46:07,386 [INFO] Entered StoreUsage
2022-08-30 07:46:07,388 [INFO] Entered CheckTableSize
2022-08-30 07:46:07,459 [INFO] Exited  CheckTableSize
2022-08-30 07:46:07,675 [INFO] Exited  StoreUsage
2022-08-30 07:46:07,678 [INFO] Entered StoreUsage
2022-08-30 07:46:07,687 [INFO] Entered CheckTableSize
2022-08-30 07:46:07,746 [INFO] Exited  CheckTableSize
2022-08-30 07:46:07,800 [INFO] Exited  StoreUsage
2022-08-30 07:46:07,801 [INFO] Entered StoreUsage
2022-08-30 07:46:07,803 [INFO] Entered CheckTableSize
2022-08-30 07:46:07,836 [INFO] Exited  CheckTableSize
2022-08-30 07:46:07,878 [INFO] Exited  StoreUsage
