2022-08-30 06:20:02,312 [INFO] Entered GetCPUUsage
2022-08-30 06:20:06,317 [INFO] Exited  GetCPUUsage
2022-08-30 06:20:06,317 [INFO] Entered GetDiskUsage
2022-08-30 06:20:06,317 [INFO] Exited  GetDiskUsage
2022-08-30 06:20:06,318 [INFO] Entered GetMemoryUsage
2022-08-30 06:20:06,319 [INFO] Exited  GetMemoryUsage
2022-08-30 06:20:06,405 [INFO] package: mysql.connector.plugins
2022-08-30 06:20:06,405 [INFO] plugin_name: caching_sha2_password
2022-08-30 06:20:06,407 [INFO] AUTHENTICATION_PLUGIN_CLASS: MySQLCachingSHA2PasswordAuthPlugin
2022-08-30 06:20:06,410 [INFO] Entered StoreUsage
2022-08-30 06:20:06,412 [INFO] Entered CheckTableSize
2022-08-30 06:20:06,462 [INFO] Exited  CheckTableSize
2022-08-30 06:20:06,505 [INFO] Exited  StoreUsage
2022-08-30 06:20:06,505 [INFO] Entered StoreUsage
2022-08-30 06:20:06,506 [INFO] Entered CheckTableSize
2022-08-30 06:20:06,554 [INFO] Exited  CheckTableSize
2022-08-30 06:20:06,559 [INFO] Exited  StoreUsage
2022-08-30 06:20:06,560 [INFO] Entered StoreUsage
2022-08-30 06:20:06,561 [INFO] Entered CheckTableSize
2022-08-30 06:20:06,610 [INFO] Exited  CheckTableSize
2022-08-30 06:20:06,615 [INFO] Exited  StoreUsage
