2022-08-30 07:28:02,976 [INFO] Entered GetCPUUsage
2022-08-30 07:28:06,980 [INFO] Exited  GetCPUUsage
2022-08-30 07:28:06,980 [INFO] Entered GetDiskUsage
2022-08-30 07:28:06,981 [INFO] Exited  GetDiskUsage
2022-08-30 07:28:06,981 [INFO] Entered GetMemoryUsage
2022-08-30 07:28:06,982 [INFO] Exited  GetMemoryUsage
2022-08-30 07:28:07,062 [INFO] package: mysql.connector.plugins
2022-08-30 07:28:07,062 [INFO] plugin_name: caching_sha2_password
2022-08-30 07:28:07,064 [INFO] AUTHENTICATION_PLUGIN_CLASS: MySQLCachingSHA2PasswordAuthPlugin
2022-08-30 07:28:07,067 [INFO] Entered StoreUsage
2022-08-30 07:28:07,068 [INFO] Entered CheckTableSize
2022-08-30 07:28:07,120 [INFO] Exited  CheckTableSize
2022-08-30 07:28:07,182 [INFO] Exited  StoreUsage
2022-08-30 07:28:07,183 [INFO] Entered StoreUsage
2022-08-30 07:28:07,184 [INFO] Entered CheckTableSize
2022-08-30 07:28:07,239 [INFO] Exited  CheckTableSize
2022-08-30 07:28:07,244 [INFO] Exited  StoreUsage
2022-08-30 07:28:07,245 [INFO] Entered StoreUsage
2022-08-30 07:28:07,246 [INFO] Entered CheckTableSize
2022-08-30 07:28:07,300 [INFO] Exited  CheckTableSize
2022-08-30 07:28:07,305 [INFO] Exited  StoreUsage
