2022-08-30 07:50:02,469 [INFO] Entered GetCPUUsage
2022-08-30 07:50:06,472 [INFO] Exited  GetCPUUsage
2022-08-30 07:50:06,473 [INFO] Entered GetDiskUsage
2022-08-30 07:50:06,473 [INFO] Exited  GetDiskUsage
2022-08-30 07:50:06,473 [INFO] Entered GetMemoryUsage
2022-08-30 07:50:06,475 [INFO] Exited  GetMemoryUsage
2022-08-30 07:50:06,578 [INFO] package: mysql.connector.plugins
2022-08-30 07:50:06,579 [INFO] plugin_name: caching_sha2_password
2022-08-30 07:50:06,581 [INFO] AUTHENTICATION_PLUGIN_CLASS: MySQLCachingSHA2PasswordAuthPlugin
2022-08-30 07:50:06,585 [INFO] Entered StoreUsage
2022-08-30 07:50:06,586 [INFO] Entered CheckTableSize
2022-08-30 07:50:06,640 [INFO] Exited  CheckTableSize
2022-08-30 07:50:06,682 [INFO] Exited  StoreUsage
2022-08-30 07:50:06,683 [INFO] Entered StoreUsage
2022-08-30 07:50:06,684 [INFO] Entered CheckTableSize
2022-08-30 07:50:06,734 [INFO] Exited  CheckTableSize
2022-08-30 07:50:06,738 [INFO] Exited  StoreUsage
2022-08-30 07:50:06,739 [INFO] Entered StoreUsage
2022-08-30 07:50:06,740 [INFO] Entered CheckTableSize
2022-08-30 07:50:06,806 [INFO] Exited  CheckTableSize
2022-08-30 07:50:06,815 [INFO] Exited  StoreUsage
