2022-08-30 07:30:02,745 [INFO] Entered GetCPUUsage
2022-08-30 07:30:06,750 [INFO] Exited  GetCPUUsage
2022-08-30 07:30:06,750 [INFO] Entered GetDiskUsage
2022-08-30 07:30:06,751 [INFO] Exited  GetDiskUsage
2022-08-30 07:30:06,751 [INFO] Entered GetMemoryUsage
2022-08-30 07:30:06,752 [INFO] Exited  GetMemoryUsage
2022-08-30 07:30:06,839 [INFO] package: mysql.connector.plugins
2022-08-30 07:30:06,840 [INFO] plugin_name: caching_sha2_password
2022-08-30 07:30:06,842 [INFO] AUTHENTICATION_PLUGIN_CLASS: MySQLCachingSHA2PasswordAuthPlugin
2022-08-30 07:30:06,846 [INFO] Entered StoreUsage
2022-08-30 07:30:06,847 [INFO] Entered CheckTableSize
2022-08-30 07:30:06,905 [INFO] Exited  CheckTableSize
2022-08-30 07:30:06,938 [INFO] Exited  StoreUsage
2022-08-30 07:30:06,939 [INFO] Entered StoreUsage
2022-08-30 07:30:06,940 [INFO] Entered CheckTableSize
2022-08-30 07:30:06,998 [INFO] Exited  CheckTableSize
2022-08-30 07:30:07,005 [INFO] Exited  StoreUsage
2022-08-30 07:30:07,005 [INFO] Entered StoreUsage
2022-08-30 07:30:07,007 [INFO] Entered CheckTableSize
2022-08-30 07:30:07,049 [INFO] Exited  CheckTableSize
2022-08-30 07:30:07,054 [INFO] Exited  StoreUsage
