2022-08-30 07:22:02,957 [INFO] Entered GetCPUUsage
2022-08-30 07:22:06,963 [INFO] Exited  GetCPUUsage
2022-08-30 07:22:06,964 [INFO] Entered GetDiskUsage
2022-08-30 07:22:06,965 [INFO] Exited  GetDiskUsage
2022-08-30 07:22:06,965 [INFO] Entered GetMemoryUsage
2022-08-30 07:22:06,967 [INFO] Exited  GetMemoryUsage
2022-08-30 07:22:07,065 [INFO] package: mysql.connector.plugins
2022-08-30 07:22:07,066 [INFO] plugin_name: caching_sha2_password
2022-08-30 07:22:07,068 [INFO] AUTHENTICATION_PLUGIN_CLASS: MySQLCachingSHA2PasswordAuthPlugin
2022-08-30 07:22:07,070 [INFO] Entered StoreUsage
2022-08-30 07:22:07,071 [INFO] Entered CheckTableSize
2022-08-30 07:22:07,135 [INFO] Exited  CheckTableSize
2022-08-30 07:22:08,364 [INFO] Exited  StoreUsage
2022-08-30 07:22:08,364 [INFO] Entered StoreUsage
2022-08-30 07:22:08,366 [INFO] Entered CheckTableSize
2022-08-30 07:22:08,422 [INFO] Exited  CheckTableSize
2022-08-30 07:22:09,091 [INFO] Exited  StoreUsage
2022-08-30 07:22:09,091 [INFO] Entered StoreUsage
2022-08-30 07:22:09,094 [INFO] Entered CheckTableSize
2022-08-30 07:22:09,136 [INFO] Exited  CheckTableSize
2022-08-30 07:22:09,271 [INFO] Exited  StoreUsage
