2022-08-30 06:13:02,826 [INFO] Entered GetCPUUsage
2022-08-30 06:13:06,833 [INFO] Exited  GetCPUUsage
2022-08-30 06:13:06,835 [INFO] Entered GetDiskUsage
2022-08-30 06:13:06,835 [INFO] Exited  GetDiskUsage
2022-08-30 06:13:06,836 [INFO] Entered GetMemoryUsage
2022-08-30 06:13:06,837 [INFO] Exited  GetMemoryUsage
2022-08-30 06:13:06,959 [INFO] package: mysql.connector.plugins
2022-08-30 06:13:06,960 [INFO] plugin_name: caching_sha2_password
2022-08-30 06:13:06,962 [INFO] AUTHENTICATION_PLUGIN_CLASS: MySQLCachingSHA2PasswordAuthPlugin
2022-08-30 06:13:06,964 [INFO] Entered StoreUsage
2022-08-30 06:13:06,965 [INFO] Entered CheckTableSize
2022-08-30 06:13:07,033 [INFO] Exited  CheckTableSize
2022-08-30 06:13:07,121 [INFO] Exited  StoreUsage
2022-08-30 06:13:07,121 [INFO] Entered StoreUsage
2022-08-30 06:13:07,123 [INFO] Entered CheckTableSize
2022-08-30 06:13:07,177 [INFO] Exited  CheckTableSize
2022-08-30 06:13:07,183 [INFO] Exited  StoreUsage
2022-08-30 06:13:07,183 [INFO] Entered StoreUsage
2022-08-30 06:13:07,185 [INFO] Entered CheckTableSize
2022-08-30 06:13:07,250 [INFO] Exited  CheckTableSize
2022-08-30 06:13:07,254 [INFO] Exited  StoreUsage
