2022-08-30 06:08:02,034 [INFO] Entered GetCPUUsage
2022-08-30 06:08:06,039 [INFO] Exited  GetCPUUsage
2022-08-30 06:08:06,039 [INFO] Entered GetDiskUsage
2022-08-30 06:08:06,039 [INFO] Exited  GetDiskUsage
2022-08-30 06:08:06,040 [INFO] Entered GetMemoryUsage
2022-08-30 06:08:06,041 [INFO] Exited  GetMemoryUsage
2022-08-30 06:08:06,135 [INFO] package: mysql.connector.plugins
2022-08-30 06:08:06,137 [INFO] plugin_name: caching_sha2_password
2022-08-30 06:08:06,148 [INFO] AUTHENTICATION_PLUGIN_CLASS: MySQLCachingSHA2PasswordAuthPlugin
2022-08-30 06:08:06,151 [INFO] Entered StoreUsage
2022-08-30 06:08:06,152 [INFO] Entered CheckTableSize
2022-08-30 06:08:06,200 [INFO] Exited  CheckTableSize
2022-08-30 06:08:06,262 [INFO] Exited  StoreUsage
2022-08-30 06:08:06,263 [INFO] Entered StoreUsage
2022-08-30 06:08:06,264 [INFO] Entered CheckTableSize
2022-08-30 06:08:06,302 [INFO] Exited  CheckTableSize
2022-08-30 06:08:06,310 [INFO] Exited  StoreUsage
2022-08-30 06:08:06,310 [INFO] Entered StoreUsage
2022-08-30 06:08:06,313 [INFO] Entered CheckTableSize
2022-08-30 06:08:06,368 [INFO] Exited  CheckTableSize
2022-08-30 06:08:06,373 [INFO] Exited  StoreUsage
