2022-08-30 07:42:02,848 [INFO] Entered GetCPUUsage
2022-08-30 07:42:06,853 [INFO] Exited  GetCPUUsage
2022-08-30 07:42:06,855 [INFO] Entered GetDiskUsage
2022-08-30 07:42:06,855 [INFO] Exited  GetDiskUsage
2022-08-30 07:42:06,856 [INFO] Entered GetMemoryUsage
2022-08-30 07:42:06,858 [INFO] Exited  GetMemoryUsage
2022-08-30 07:42:06,949 [INFO] package: mysql.connector.plugins
2022-08-30 07:42:06,950 [INFO] plugin_name: caching_sha2_password
2022-08-30 07:42:06,951 [INFO] AUTHENTICATION_PLUGIN_CLASS: MySQLCachingSHA2PasswordAuthPlugin
2022-08-30 07:42:06,954 [INFO] Entered StoreUsage
2022-08-30 07:42:06,955 [INFO] Entered CheckTableSize
2022-08-30 07:42:07,008 [INFO] Exited  CheckTableSize
2022-08-30 07:42:07,068 [INFO] Exited  StoreUsage
2022-08-30 07:42:07,069 [INFO] Entered StoreUsage
2022-08-30 07:42:07,070 [INFO] Entered CheckTableSize
2022-08-30 07:42:07,121 [INFO] Exited  CheckTableSize
2022-08-30 07:42:07,131 [INFO] Exited  StoreUsage
2022-08-30 07:42:07,131 [INFO] Entered StoreUsage
2022-08-30 07:42:07,133 [INFO] Entered CheckTableSize
2022-08-30 07:42:07,185 [INFO] Exited  CheckTableSize
2022-08-30 07:42:07,197 [INFO] Exited  StoreUsage
