2022-08-30 05:51:02,940 [INFO] Entered GetCPUUsage
2022-08-30 05:51:06,945 [INFO] Exited  GetCPUUsage
2022-08-30 05:51:06,945 [INFO] Entered GetDiskUsage
2022-08-30 05:51:06,946 [INFO] Exited  GetDiskUsage
2022-08-30 05:51:06,946 [INFO] Entered GetMemoryUsage
2022-08-30 05:51:06,948 [INFO] Exited  GetMemoryUsage
2022-08-30 05:51:07,056 [INFO] package: mysql.connector.plugins
2022-08-30 05:51:07,057 [INFO] plugin_name: caching_sha2_password
2022-08-30 05:51:07,061 [INFO] AUTHENTICATION_PLUGIN_CLASS: MySQLCachingSHA2PasswordAuthPlugin
2022-08-30 05:51:07,065 [INFO] Entered StoreUsage
2022-08-30 05:51:07,066 [INFO] Entered CheckTableSize
2022-08-30 05:51:07,255 [INFO] Exited  CheckTableSize
2022-08-30 05:51:07,288 [INFO] Exited  StoreUsage
2022-08-30 05:51:07,289 [INFO] Entered StoreUsage
2022-08-30 05:51:07,290 [INFO] Entered CheckTableSize
2022-08-30 05:51:07,337 [INFO] Exited  CheckTableSize
2022-08-30 05:51:07,361 [INFO] Exited  StoreUsage
2022-08-30 05:51:07,362 [INFO] Entered StoreUsage
2022-08-30 05:51:07,363 [INFO] Entered CheckTableSize
2022-08-30 05:51:07,416 [INFO] Exited  CheckTableSize
2022-08-30 05:51:07,459 [INFO] Exited  StoreUsage
