2022-08-30 07:43:02,245 [INFO] Entered GetCPUUsage
2022-08-30 07:43:06,251 [INFO] Exited  GetCPUUsage
2022-08-30 07:43:06,252 [INFO] Entered GetDiskUsage
2022-08-30 07:43:06,253 [INFO] Exited  GetDiskUsage
2022-08-30 07:43:06,253 [INFO] Entered GetMemoryUsage
2022-08-30 07:43:06,254 [INFO] Exited  GetMemoryUsage
2022-08-30 07:43:06,348 [INFO] package: mysql.connector.plugins
2022-08-30 07:43:06,349 [INFO] plugin_name: caching_sha2_password
2022-08-30 07:43:06,351 [INFO] AUTHENTICATION_PLUGIN_CLASS: MySQLCachingSHA2PasswordAuthPlugin
2022-08-30 07:43:06,353 [INFO] Entered StoreUsage
2022-08-30 07:43:06,355 [INFO] Entered CheckTableSize
2022-08-30 07:43:06,411 [INFO] Exited  CheckTableSize
2022-08-30 07:43:06,463 [INFO] Exited  StoreUsage
2022-08-30 07:43:06,463 [INFO] Entered StoreUsage
2022-08-30 07:43:06,465 [INFO] Entered CheckTableSize
2022-08-30 07:43:06,526 [INFO] Exited  CheckTableSize
2022-08-30 07:43:06,532 [INFO] Exited  StoreUsage
2022-08-30 07:43:06,532 [INFO] Entered StoreUsage
2022-08-30 07:43:06,534 [INFO] Entered CheckTableSize
2022-08-30 07:43:06,585 [INFO] Exited  CheckTableSize
2022-08-30 07:43:06,600 [INFO] Exited  StoreUsage
