2022-08-30 06:03:02,178 [INFO] Entered GetCPUUsage
2022-08-30 06:03:06,184 [INFO] Exited  GetCPUUsage
2022-08-30 06:03:06,188 [INFO] Entered GetDiskUsage
2022-08-30 06:03:06,191 [INFO] Exited  GetDiskUsage
2022-08-30 06:03:06,193 [INFO] Entered GetMemoryUsage
2022-08-30 06:03:06,199 [INFO] Exited  GetMemoryUsage
2022-08-30 06:03:06,361 [INFO] package: mysql.connector.plugins
2022-08-30 06:03:06,362 [INFO] plugin_name: caching_sha2_password
2022-08-30 06:03:06,363 [INFO] AUTHENTICATION_PLUGIN_CLASS: MySQLCachingSHA2PasswordAuthPlugin
2022-08-30 06:03:06,366 [INFO] Entered StoreUsage
2022-08-30 06:03:06,367 [INFO] Entered CheckTableSize
2022-08-30 06:03:06,429 [INFO] Exited  CheckTableSize
2022-08-30 06:03:06,458 [INFO] Exited  StoreUsage
2022-08-30 06:03:06,458 [INFO] Entered StoreUsage
2022-08-30 06:03:06,460 [INFO] Entered CheckTableSize
2022-08-30 06:03:06,498 [INFO] Exited  CheckTableSize
2022-08-30 06:03:06,510 [INFO] Exited  StoreUsage
2022-08-30 06:03:06,520 [INFO] Entered StoreUsage
2022-08-30 06:03:06,524 [INFO] Entered CheckTableSize
2022-08-30 06:03:06,583 [INFO] Exited  CheckTableSize
2022-08-30 06:03:06,610 [INFO] Exited  StoreUsage
