2022-08-30 06:18:02,001 [INFO] Entered GetCPUUsage
2022-08-30 06:18:06,005 [INFO] Exited  GetCPUUsage
2022-08-30 06:18:06,005 [INFO] Entered GetDiskUsage
2022-08-30 06:18:06,005 [INFO] Exited  GetDiskUsage
2022-08-30 06:18:06,005 [INFO] Entered GetMemoryUsage
2022-08-30 06:18:06,007 [INFO] Exited  GetMemoryUsage
2022-08-30 06:18:06,096 [INFO] package: mysql.connector.plugins
2022-08-30 06:18:06,097 [INFO] plugin_name: caching_sha2_password
2022-08-30 06:18:06,099 [INFO] AUTHENTICATION_PLUGIN_CLASS: MySQLCachingSHA2PasswordAuthPlugin
2022-08-30 06:18:06,101 [INFO] Entered StoreUsage
2022-08-30 06:18:06,103 [INFO] Entered CheckTableSize
2022-08-30 06:18:06,160 [INFO] Exited  CheckTableSize
2022-08-30 06:18:06,191 [INFO] Exited  StoreUsage
2022-08-30 06:18:06,192 [INFO] Entered StoreUsage
2022-08-30 06:18:06,193 [INFO] Entered CheckTableSize
2022-08-30 06:18:06,224 [INFO] Exited  CheckTableSize
2022-08-30 06:18:06,233 [INFO] Exited  StoreUsage
2022-08-30 06:18:06,234 [INFO] Entered StoreUsage
2022-08-30 06:18:06,236 [INFO] Entered CheckTableSize
2022-08-30 06:18:06,276 [INFO] Exited  CheckTableSize
2022-08-30 06:18:06,340 [INFO] Exited  StoreUsage
