2022-08-30 07:47:01,902 [INFO] Entered GetCPUUsage
2022-08-30 07:47:05,909 [INFO] Exited  GetCPUUsage
2022-08-30 07:47:05,909 [INFO] Entered GetDiskUsage
2022-08-30 07:47:05,910 [INFO] Exited  GetDiskUsage
2022-08-30 07:47:05,910 [INFO] Entered GetMemoryUsage
2022-08-30 07:47:05,912 [INFO] Exited  GetMemoryUsage
2022-08-30 07:47:06,025 [INFO] package: mysql.connector.plugins
2022-08-30 07:47:06,026 [INFO] plugin_name: caching_sha2_password
2022-08-30 07:47:06,028 [INFO] AUTHENTICATION_PLUGIN_CLASS: MySQLCachingSHA2PasswordAuthPlugin
2022-08-30 07:47:06,031 [INFO] Entered StoreUsage
2022-08-30 07:47:06,032 [INFO] Entered CheckTableSize
2022-08-30 07:47:06,099 [INFO] Exited  CheckTableSize
2022-08-30 07:47:06,130 [INFO] Exited  StoreUsage
2022-08-30 07:47:06,130 [INFO] Entered StoreUsage
2022-08-30 07:47:06,132 [INFO] Entered CheckTableSize
2022-08-30 07:47:06,201 [INFO] Exited  CheckTableSize
2022-08-30 07:47:06,208 [INFO] Exited  StoreUsage
2022-08-30 07:47:06,209 [INFO] Entered StoreUsage
2022-08-30 07:47:06,212 [INFO] Entered CheckTableSize
2022-08-30 07:47:06,269 [INFO] Exited  CheckTableSize
2022-08-30 07:47:06,276 [INFO] Exited  StoreUsage
