2022-08-30 07:38:03,144 [INFO] Entered GetCPUUsage
2022-08-30 07:38:07,158 [INFO] Exited  GetCPUUsage
2022-08-30 07:38:07,158 [INFO] Entered GetDiskUsage
2022-08-30 07:38:07,159 [INFO] Exited  GetDiskUsage
2022-08-30 07:38:07,159 [INFO] Entered GetMemoryUsage
2022-08-30 07:38:07,160 [INFO] Exited  GetMemoryUsage
2022-08-30 07:38:07,273 [INFO] package: mysql.connector.plugins
2022-08-30 07:38:07,274 [INFO] plugin_name: caching_sha2_password
2022-08-30 07:38:07,276 [INFO] AUTHENTICATION_PLUGIN_CLASS: MySQLCachingSHA2PasswordAuthPlugin
2022-08-30 07:38:07,280 [INFO] Entered StoreUsage
2022-08-30 07:38:07,281 [INFO] Entered CheckTableSize
2022-08-30 07:38:07,338 [INFO] Exited  CheckTableSize
2022-08-30 07:38:07,364 [INFO] Exited  StoreUsage
2022-08-30 07:38:07,364 [INFO] Entered StoreUsage
2022-08-30 07:38:07,365 [INFO] Entered CheckTableSize
2022-08-30 07:38:07,403 [INFO] Exited  CheckTableSize
2022-08-30 07:38:07,412 [INFO] Exited  StoreUsage
2022-08-30 07:38:07,412 [INFO] Entered StoreUsage
2022-08-30 07:38:07,413 [INFO] Entered CheckTableSize
2022-08-30 07:38:07,466 [INFO] Exited  CheckTableSize
2022-08-30 07:38:07,479 [INFO] Exited  StoreUsage
