2022-08-30 07:37:02,313 [INFO] Entered GetCPUUsage
2022-08-30 07:37:06,336 [INFO] Exited  GetCPUUsage
2022-08-30 07:37:06,336 [INFO] Entered GetDiskUsage
2022-08-30 07:37:06,337 [INFO] Exited  GetDiskUsage
2022-08-30 07:37:06,337 [INFO] Entered GetMemoryUsage
2022-08-30 07:37:06,338 [INFO] Exited  GetMemoryUsage
2022-08-30 07:37:06,419 [INFO] package: mysql.connector.plugins
2022-08-30 07:37:06,420 [INFO] plugin_name: caching_sha2_password
2022-08-30 07:37:06,422 [INFO] AUTHENTICATION_PLUGIN_CLASS: MySQLCachingSHA2PasswordAuthPlugin
2022-08-30 07:37:06,426 [INFO] Entered StoreUsage
2022-08-30 07:37:06,427 [INFO] Entered CheckTableSize
2022-08-30 07:37:06,479 [INFO] Exited  CheckTableSize
2022-08-30 07:37:06,518 [INFO] Exited  StoreUsage
2022-08-30 07:37:06,521 [INFO] Entered StoreUsage
2022-08-30 07:37:06,531 [INFO] Entered CheckTableSize
2022-08-30 07:37:06,589 [INFO] Exited  CheckTableSize
2022-08-30 07:37:06,672 [INFO] Exited  StoreUsage
2022-08-30 07:37:06,672 [INFO] Entered StoreUsage
2022-08-30 07:37:06,674 [INFO] Entered CheckTableSize
2022-08-30 07:37:06,720 [INFO] Exited  CheckTableSize
2022-08-30 07:37:06,726 [INFO] Exited  StoreUsage
