2022-08-30 05:53:03,584 [INFO] Entered GetCPUUsage
2022-08-30 05:53:07,591 [INFO] Exited  GetCPUUsage
2022-08-30 05:53:07,591 [INFO] Entered GetDiskUsage
2022-08-30 05:53:07,591 [INFO] Exited  GetDiskUsage
2022-08-30 05:53:07,592 [INFO] Entered GetMemoryUsage
2022-08-30 05:53:07,593 [INFO] Exited  GetMemoryUsage
2022-08-30 05:53:07,676 [INFO] package: mysql.connector.plugins
2022-08-30 05:53:07,676 [INFO] plugin_name: caching_sha2_password
2022-08-30 05:53:07,678 [INFO] AUTHENTICATION_PLUGIN_CLASS: MySQLCachingSHA2PasswordAuthPlugin
2022-08-30 05:53:07,681 [INFO] Entered StoreUsage
2022-08-30 05:53:07,682 [INFO] Entered CheckTableSize
2022-08-30 05:53:07,738 [INFO] Exited  CheckTableSize
2022-08-30 05:53:07,747 [INFO] Exited  StoreUsage
2022-08-30 05:53:07,747 [INFO] Entered StoreUsage
2022-08-30 05:53:07,757 [INFO] Entered CheckTableSize
2022-08-30 05:53:07,822 [INFO] Exited  CheckTableSize
2022-08-30 05:53:07,830 [INFO] Exited  StoreUsage
2022-08-30 05:53:07,830 [INFO] Entered StoreUsage
2022-08-30 05:53:07,832 [INFO] Entered CheckTableSize
2022-08-30 05:53:07,904 [INFO] Exited  CheckTableSize
2022-08-30 05:53:07,915 [INFO] Exited  StoreUsage
