2022-08-30 05:54:01,932 [INFO] Entered GetCPUUsage
2022-08-30 05:54:05,939 [INFO] Exited  GetCPUUsage
2022-08-30 05:54:05,940 [INFO] Entered GetDiskUsage
2022-08-30 05:54:05,940 [INFO] Exited  GetDiskUsage
2022-08-30 05:54:05,940 [INFO] Entered GetMemoryUsage
2022-08-30 05:54:05,942 [INFO] Exited  GetMemoryUsage
2022-08-30 05:54:06,051 [INFO] package: mysql.connector.plugins
2022-08-30 05:54:06,052 [INFO] plugin_name: caching_sha2_password
2022-08-30 05:54:06,054 [INFO] AUTHENTICATION_PLUGIN_CLASS: MySQLCachingSHA2PasswordAuthPlugin
2022-08-30 05:54:06,057 [INFO] Entered StoreUsage
2022-08-30 05:54:06,058 [INFO] Entered CheckTableSize
2022-08-30 05:54:06,120 [INFO] Exited  CheckTableSize
2022-08-30 05:54:06,126 [INFO] Exited  StoreUsage
2022-08-30 05:54:06,126 [INFO] Entered StoreUsage
2022-08-30 05:54:06,127 [INFO] Entered CheckTableSize
2022-08-30 05:54:06,169 [INFO] Exited  CheckTableSize
2022-08-30 05:54:06,178 [INFO] Exited  StoreUsage
2022-08-30 05:54:06,179 [INFO] Entered StoreUsage
2022-08-30 05:54:06,182 [INFO] Entered CheckTableSize
2022-08-30 05:54:06,244 [INFO] Exited  CheckTableSize
2022-08-30 05:54:06,257 [INFO] Exited  StoreUsage
