2022-08-30 05:58:02,969 [INFO] Entered GetCPUUsage
2022-08-30 05:58:06,976 [INFO] Exited  GetCPUUsage
2022-08-30 05:58:06,982 [INFO] Entered GetDiskUsage
2022-08-30 05:58:06,987 [INFO] Exited  GetDiskUsage
2022-08-30 05:58:06,989 [INFO] Entered GetMemoryUsage
2022-08-30 05:58:06,997 [INFO] Exited  GetMemoryUsage
2022-08-30 05:58:07,146 [INFO] package: mysql.connector.plugins
2022-08-30 05:58:07,147 [INFO] plugin_name: caching_sha2_password
2022-08-30 05:58:07,148 [INFO] AUTHENTICATION_PLUGIN_CLASS: MySQLCachingSHA2PasswordAuthPlugin
2022-08-30 05:58:07,151 [INFO] Entered StoreUsage
2022-08-30 05:58:07,152 [INFO] Entered CheckTableSize
2022-08-30 05:58:07,197 [INFO] Exited  CheckTableSize
2022-08-30 05:58:07,230 [INFO] Exited  StoreUsage
2022-08-30 05:58:07,233 [INFO] Entered StoreUsage
2022-08-30 05:58:07,248 [INFO] Entered CheckTableSize
2022-08-30 05:58:07,291 [INFO] Exited  CheckTableSize
2022-08-30 05:58:07,321 [INFO] Exited  StoreUsage
2022-08-30 05:58:07,321 [INFO] Entered StoreUsage
2022-08-30 05:58:07,322 [INFO] Entered CheckTableSize
2022-08-30 05:58:07,376 [INFO] Exited  CheckTableSize
2022-08-30 05:58:07,403 [INFO] Exited  StoreUsage
