2022-08-30 07:51:03,164 [INFO] Entered GetCPUUsage
2022-08-30 07:51:07,171 [INFO] Exited  GetCPUUsage
2022-08-30 07:51:07,173 [INFO] Entered GetDiskUsage
2022-08-30 07:51:07,174 [INFO] Exited  GetDiskUsage
2022-08-30 07:51:07,174 [INFO] Entered GetMemoryUsage
2022-08-30 07:51:07,176 [INFO] Exited  GetMemoryUsage
2022-08-30 07:51:07,260 [INFO] package: mysql.connector.plugins
2022-08-30 07:51:07,260 [INFO] plugin_name: caching_sha2_password
2022-08-30 07:51:07,263 [INFO] AUTHENTICATION_PLUGIN_CLASS: MySQLCachingSHA2PasswordAuthPlugin
2022-08-30 07:51:07,266 [INFO] Entered StoreUsage
2022-08-30 07:51:07,267 [INFO] Entered CheckTableSize
2022-08-30 07:51:07,326 [INFO] Exited  CheckTableSize
2022-08-30 07:51:07,384 [INFO] Exited  StoreUsage
2022-08-30 07:51:07,385 [INFO] Entered StoreUsage
2022-08-30 07:51:07,386 [INFO] Entered CheckTableSize
2022-08-30 07:51:07,439 [INFO] Exited  CheckTableSize
2022-08-30 07:51:07,445 [INFO] Exited  StoreUsage
2022-08-30 07:51:07,445 [INFO] Entered StoreUsage
2022-08-30 07:51:07,446 [INFO] Entered CheckTableSize
2022-08-30 07:51:07,506 [INFO] Exited  CheckTableSize
2022-08-30 07:51:07,513 [INFO] Exited  StoreUsage
