2022-08-30 06:02:02,695 [INFO] Entered GetCPUUsage
2022-08-30 06:02:06,701 [INFO] Exited  GetCPUUsage
2022-08-30 06:02:06,701 [INFO] Entered GetDiskUsage
2022-08-30 06:02:06,702 [INFO] Exited  GetDiskUsage
2022-08-30 06:02:06,702 [INFO] Entered GetMemoryUsage
2022-08-30 06:02:06,703 [INFO] Exited  GetMemoryUsage
2022-08-30 06:02:06,826 [INFO] package: mysql.connector.plugins
2022-08-30 06:02:06,827 [INFO] plugin_name: caching_sha2_password
2022-08-30 06:02:06,829 [INFO] AUTHENTICATION_PLUGIN_CLASS: MySQLCachingSHA2PasswordAuthPlugin
2022-08-30 06:02:06,833 [INFO] Entered StoreUsage
2022-08-30 06:02:06,834 [INFO] Entered CheckTableSize
2022-08-30 06:02:06,897 [INFO] Exited  CheckTableSize
2022-08-30 06:02:06,937 [INFO] Exited  StoreUsage
2022-08-30 06:02:06,938 [INFO] Entered StoreUsage
2022-08-30 06:02:06,940 [INFO] Entered CheckTableSize
2022-08-30 06:02:06,995 [INFO] Exited  CheckTableSize
2022-08-30 06:02:07,012 [INFO] Exited  StoreUsage
2022-08-30 06:02:07,014 [INFO] Entered StoreUsage
2022-08-30 06:02:07,017 [INFO] Entered CheckTableSize
2022-08-30 06:02:07,071 [INFO] Exited  CheckTableSize
2022-08-30 06:02:07,082 [INFO] Exited  StoreUsage
