2022-08-30 05:50:03,621 [INFO] Entered GetCPUUsage
2022-08-30 05:50:07,628 [INFO] Exited  GetCPUUsage
2022-08-30 05:50:07,636 [INFO] Entered GetDiskUsage
2022-08-30 05:50:07,636 [INFO] Exited  GetDiskUsage
2022-08-30 05:50:07,637 [INFO] Entered GetMemoryUsage
2022-08-30 05:50:07,638 [INFO] Exited  GetMemoryUsage
2022-08-30 05:50:07,745 [INFO] package: mysql.connector.plugins
2022-08-30 05:50:07,746 [INFO] plugin_name: caching_sha2_password
2022-08-30 05:50:07,747 [INFO] AUTHENTICATION_PLUGIN_CLASS: MySQLCachingSHA2PasswordAuthPlugin
2022-08-30 05:50:07,750 [INFO] Entered StoreUsage
2022-08-30 05:50:07,751 [INFO] Entered CheckTableSize
2022-08-30 05:50:07,788 [INFO] Exited  CheckTableSize
2022-08-30 05:50:07,805 [INFO] Exited  StoreUsage
2022-08-30 05:50:07,806 [INFO] Entered StoreUsage
2022-08-30 05:50:07,807 [INFO] Entered CheckTableSize
2022-08-30 05:50:07,811 [INFO] Exited  CheckTableSize
2022-08-30 05:50:07,819 [INFO] Exited  StoreUsage
2022-08-30 05:50:07,819 [INFO] Entered StoreUsage
2022-08-30 05:50:07,822 [INFO] Entered CheckTableSize
2022-08-30 05:50:07,826 [INFO] Exited  CheckTableSize
2022-08-30 05:50:07,831 [INFO] Exited  StoreUsage
