2022-08-30 06:00:03,081 [INFO] Entered GetCPUUsage
2022-08-30 06:00:07,087 [INFO] Exited  GetCPUUsage
2022-08-30 06:00:07,087 [INFO] Entered GetDiskUsage
2022-08-30 06:00:07,088 [INFO] Exited  GetDiskUsage
2022-08-30 06:00:07,088 [INFO] Entered GetMemoryUsage
2022-08-30 06:00:07,089 [INFO] Exited  GetMemoryUsage
2022-08-30 06:00:07,239 [INFO] package: mysql.connector.plugins
2022-08-30 06:00:07,239 [INFO] plugin_name: caching_sha2_password
2022-08-30 06:00:07,241 [INFO] AUTHENTICATION_PLUGIN_CLASS: MySQLCachingSHA2PasswordAuthPlugin
2022-08-30 06:00:07,250 [INFO] Entered StoreUsage
2022-08-30 06:00:07,251 [INFO] Entered CheckTableSize
2022-08-30 06:00:07,297 [INFO] Exited  CheckTableSize
2022-08-30 06:00:07,313 [INFO] Exited  StoreUsage
2022-08-30 06:00:07,313 [INFO] Entered StoreUsage
2022-08-30 06:00:07,315 [INFO] Entered CheckTableSize
2022-08-30 06:00:07,364 [INFO] Exited  CheckTableSize
2022-08-30 06:00:07,406 [INFO] Exited  StoreUsage
2022-08-30 06:00:07,407 [INFO] Entered StoreUsage
2022-08-30 06:00:07,420 [INFO] Entered CheckTableSize
2022-08-30 06:00:07,496 [INFO] Exited  CheckTableSize
2022-08-30 06:00:07,737 [INFO] Exited  StoreUsage
