2022-08-30 05:56:03,094 [INFO] Entered GetCPUUsage
2022-08-30 05:56:07,103 [INFO] Exited  GetCPUUsage
2022-08-30 05:56:07,106 [INFO] Entered GetDiskUsage
2022-08-30 05:56:07,108 [INFO] Exited  GetDiskUsage
2022-08-30 05:56:07,111 [INFO] Entered GetMemoryUsage
2022-08-30 05:56:07,121 [INFO] Exited  GetMemoryUsage
2022-08-30 05:56:07,285 [INFO] package: mysql.connector.plugins
2022-08-30 05:56:07,286 [INFO] plugin_name: caching_sha2_password
2022-08-30 05:56:07,289 [INFO] AUTHENTICATION_PLUGIN_CLASS: MySQLCachingSHA2PasswordAuthPlugin
2022-08-30 05:56:07,293 [INFO] Entered StoreUsage
2022-08-30 05:56:07,295 [INFO] Entered CheckTableSize
2022-08-30 05:56:07,355 [INFO] Exited  CheckTableSize
2022-08-30 05:56:07,365 [INFO] Exited  StoreUsage
2022-08-30 05:56:07,365 [INFO] Entered StoreUsage
2022-08-30 05:56:07,366 [INFO] Entered CheckTableSize
2022-08-30 05:56:07,425 [INFO] Exited  CheckTableSize
2022-08-30 05:56:07,431 [INFO] Exited  StoreUsage
2022-08-30 05:56:07,432 [INFO] Entered StoreUsage
2022-08-30 05:56:07,434 [INFO] Entered CheckTableSize
2022-08-30 05:56:07,487 [INFO] Exited  CheckTableSize
2022-08-30 05:56:07,496 [INFO] Exited  StoreUsage
