2022-08-30 07:39:03,147 [INFO] Entered GetCPUUsage
2022-08-30 07:39:07,153 [INFO] Exited  GetCPUUsage
2022-08-30 07:39:07,153 [INFO] Entered GetDiskUsage
2022-08-30 07:39:07,154 [INFO] Exited  GetDiskUsage
2022-08-30 07:39:07,154 [INFO] Entered GetMemoryUsage
2022-08-30 07:39:07,155 [INFO] Exited  GetMemoryUsage
2022-08-30 07:39:07,246 [INFO] package: mysql.connector.plugins
2022-08-30 07:39:07,246 [INFO] plugin_name: caching_sha2_password
2022-08-30 07:39:07,248 [INFO] AUTHENTICATION_PLUGIN_CLASS: MySQLCachingSHA2PasswordAuthPlugin
2022-08-30 07:39:07,251 [INFO] Entered StoreUsage
2022-08-30 07:39:07,252 [INFO] Entered CheckTableSize
2022-08-30 07:39:07,318 [INFO] Exited  CheckTableSize
2022-08-30 07:39:07,346 [INFO] Exited  StoreUsage
2022-08-30 07:39:07,346 [INFO] Entered StoreUsage
2022-08-30 07:39:07,348 [INFO] Entered CheckTableSize
2022-08-30 07:39:07,389 [INFO] Exited  CheckTableSize
2022-08-30 07:39:07,400 [INFO] Exited  StoreUsage
2022-08-30 07:39:07,400 [INFO] Entered StoreUsage
2022-08-30 07:39:07,402 [INFO] Entered CheckTableSize
2022-08-30 07:39:07,436 [INFO] Exited  CheckTableSize
2022-08-30 07:39:07,458 [INFO] Exited  StoreUsage
