2022-08-30 07:48:03,450 [INFO] Entered GetCPUUsage
2022-08-30 07:48:07,471 [INFO] Exited  GetCPUUsage
2022-08-30 07:48:07,471 [INFO] Entered GetDiskUsage
2022-08-30 07:48:07,472 [INFO] Exited  GetDiskUsage
2022-08-30 07:48:07,472 [INFO] Entered GetMemoryUsage
2022-08-30 07:48:07,474 [INFO] Exited  GetMemoryUsage
2022-08-30 07:48:07,599 [INFO] package: mysql.connector.plugins
2022-08-30 07:48:07,600 [INFO] plugin_name: caching_sha2_password
2022-08-30 07:48:07,603 [INFO] AUTHENTICATION_PLUGIN_CLASS: MySQLCachingSHA2PasswordAuthPlugin
2022-08-30 07:48:07,606 [INFO] Entered StoreUsage
2022-08-30 07:48:07,608 [INFO] Entered CheckTableSize
2022-08-30 07:48:07,664 [INFO] Exited  CheckTableSize
2022-08-30 07:48:07,687 [INFO] Exited  StoreUsage
2022-08-30 07:48:07,687 [INFO] Entered StoreUsage
2022-08-30 07:48:07,689 [INFO] Entered CheckTableSize
2022-08-30 07:48:07,741 [INFO] Exited  CheckTableSize
2022-08-30 07:48:07,746 [INFO] Exited  StoreUsage
2022-08-30 07:48:07,747 [INFO] Entered StoreUsage
2022-08-30 07:48:07,748 [INFO] Entered CheckTableSize
2022-08-30 07:48:07,805 [INFO] Exited  CheckTableSize
2022-08-30 07:48:07,811 [INFO] Exited  StoreUsage
