2022-08-30 06:15:02,290 [INFO] Entered GetCPUUsage
2022-08-30 06:15:06,295 [INFO] Exited  GetCPUUsage
2022-08-30 06:15:06,296 [INFO] Entered GetDiskUsage
2022-08-30 06:15:06,296 [INFO] Exited  GetDiskUsage
2022-08-30 06:15:06,296 [INFO] Entered GetMemoryUsage
2022-08-30 06:15:06,297 [INFO] Exited  GetMemoryUsage
2022-08-30 06:15:06,380 [INFO] package: mysql.connector.plugins
2022-08-30 06:15:06,381 [INFO] plugin_name: caching_sha2_password
2022-08-30 06:15:06,382 [INFO] AUTHENTICATION_PLUGIN_CLASS: MySQLCachingSHA2PasswordAuthPlugin
2022-08-30 06:15:06,385 [INFO] Entered StoreUsage
2022-08-30 06:15:06,386 [INFO] Entered CheckTableSize
2022-08-30 06:15:06,442 [INFO] Exited  CheckTableSize
2022-08-30 06:15:06,480 [INFO] Exited  StoreUsage
2022-08-30 06:15:06,481 [INFO] Entered StoreUsage
2022-08-30 06:15:06,482 [INFO] Entered CheckTableSize
2022-08-30 06:15:06,535 [INFO] Exited  CheckTableSize
2022-08-30 06:15:06,541 [INFO] Exited  StoreUsage
2022-08-30 06:15:06,541 [INFO] Entered StoreUsage
2022-08-30 06:15:06,543 [INFO] Entered CheckTableSize
2022-08-30 06:15:06,586 [INFO] Exited  CheckTableSize
2022-08-30 06:15:06,593 [INFO] Exited  StoreUsage
