2022-08-30 07:25:02,583 [INFO] Entered GetCPUUsage
2022-08-30 07:25:06,591 [INFO] Exited  GetCPUUsage
2022-08-30 07:25:06,591 [INFO] Entered GetDiskUsage
2022-08-30 07:25:06,591 [INFO] Exited  GetDiskUsage
2022-08-30 07:25:06,591 [INFO] Entered GetMemoryUsage
2022-08-30 07:25:06,593 [INFO] Exited  GetMemoryUsage
2022-08-30 07:25:06,673 [INFO] package: mysql.connector.plugins
2022-08-30 07:25:06,674 [INFO] plugin_name: caching_sha2_password
2022-08-30 07:25:06,675 [INFO] AUTHENTICATION_PLUGIN_CLASS: MySQLCachingSHA2PasswordAuthPlugin
2022-08-30 07:25:06,678 [INFO] Entered StoreUsage
2022-08-30 07:25:06,679 [INFO] Entered CheckTableSize
2022-08-30 07:25:06,728 [INFO] Exited  CheckTableSize
2022-08-30 07:25:06,823 [INFO] Exited  StoreUsage
2022-08-30 07:25:06,823 [INFO] Entered StoreUsage
2022-08-30 07:25:06,825 [INFO] Entered CheckTableSize
2022-08-30 07:25:06,874 [INFO] Exited  CheckTableSize
2022-08-30 07:25:06,880 [INFO] Exited  StoreUsage
2022-08-30 07:25:06,880 [INFO] Entered StoreUsage
2022-08-30 07:25:06,881 [INFO] Entered CheckTableSize
2022-08-30 07:25:06,917 [INFO] Exited  CheckTableSize
2022-08-30 07:25:06,922 [INFO] Exited  StoreUsage
