2022-08-30 05:45:02,579 [INFO] Entered GetCPUUsage
2022-08-30 05:45:06,588 [INFO] Exited  GetCPUUsage
2022-08-30 05:45:06,589 [INFO] Entered GetDiskUsage
2022-08-30 05:45:06,589 [INFO] Exited  GetDiskUsage
2022-08-30 05:45:06,589 [INFO] Entered GetMemoryUsage
2022-08-30 05:45:06,591 [INFO] Exited  GetMemoryUsage
2022-08-30 05:45:06,719 [INFO] package: mysql.connector.plugins
2022-08-30 05:45:06,719 [INFO] plugin_name: caching_sha2_password
2022-08-30 05:45:06,722 [INFO] AUTHENTICATION_PLUGIN_CLASS: MySQLCachingSHA2PasswordAuthPlugin
2022-08-30 05:45:06,726 [INFO] Entered StoreUsage
2022-08-30 05:45:06,727 [INFO] Entered CheckTableSize
2022-08-30 05:45:06,790 [INFO] Exited  CheckTableSize
2022-08-30 05:45:06,815 [INFO] Exited  StoreUsage
2022-08-30 05:45:06,815 [INFO] Entered StoreUsage
2022-08-30 05:45:06,816 [INFO] Entered CheckTableSize
2022-08-30 05:45:06,854 [INFO] Exited  CheckTableSize
2022-08-30 05:45:06,861 [INFO] Exited  StoreUsage
2022-08-30 05:45:06,861 [INFO] Entered StoreUsage
2022-08-30 05:45:06,862 [INFO] Entered CheckTableSize
2022-08-30 05:45:06,921 [INFO] Exited  CheckTableSize
2022-08-30 05:45:06,999 [INFO] Exited  StoreUsage
