2022-08-30 06:06:02,278 [INFO] Entered GetCPUUsage
2022-08-30 06:06:06,292 [INFO] Exited  GetCPUUsage
2022-08-30 06:06:06,292 [INFO] Entered GetDiskUsage
2022-08-30 06:06:06,292 [INFO] Exited  GetDiskUsage
2022-08-30 06:06:06,293 [INFO] Entered GetMemoryUsage
2022-08-30 06:06:06,294 [INFO] Exited  GetMemoryUsage
2022-08-30 06:06:06,425 [INFO] package: mysql.connector.plugins
2022-08-30 06:06:06,426 [INFO] plugin_name: caching_sha2_password
2022-08-30 06:06:06,428 [INFO] AUTHENTICATION_PLUGIN_CLASS: MySQLCachingSHA2PasswordAuthPlugin
2022-08-30 06:06:06,431 [INFO] Entered StoreUsage
2022-08-30 06:06:06,432 [INFO] Entered CheckTableSize
2022-08-30 06:06:06,485 [INFO] Exited  CheckTableSize
2022-08-30 06:06:06,541 [INFO] Exited  StoreUsage
2022-08-30 06:06:06,541 [INFO] Entered StoreUsage
2022-08-30 06:06:06,542 [INFO] Entered CheckTableSize
2022-08-30 06:06:06,583 [INFO] Exited  CheckTableSize
2022-08-30 06:06:06,594 [INFO] Exited  StoreUsage
2022-08-30 06:06:06,594 [INFO] Entered StoreUsage
2022-08-30 06:06:06,597 [INFO] Entered CheckTableSize
2022-08-30 06:06:06,641 [INFO] Exited  CheckTableSize
2022-08-30 06:06:06,671 [INFO] Exited  StoreUsage
