2022-08-30 07:27:02,219 [INFO] Entered GetCPUUsage
2022-08-30 07:27:06,225 [INFO] Exited  GetCPUUsage
2022-08-30 07:27:06,225 [INFO] Entered GetDiskUsage
2022-08-30 07:27:06,226 [INFO] Exited  GetDiskUsage
2022-08-30 07:27:06,226 [INFO] Entered GetMemoryUsage
2022-08-30 07:27:06,227 [INFO] Exited  GetMemoryUsage
2022-08-30 07:27:06,314 [INFO] package: mysql.connector.plugins
2022-08-30 07:27:06,315 [INFO] plugin_name: caching_sha2_password
2022-08-30 07:27:06,317 [INFO] AUTHENTICATION_PLUGIN_CLASS: MySQLCachingSHA2PasswordAuthPlugin
2022-08-30 07:27:06,320 [INFO] Entered StoreUsage
2022-08-30 07:27:06,321 [INFO] Entered CheckTableSize
2022-08-30 07:27:06,373 [INFO] Exited  CheckTableSize
2022-08-30 07:27:06,420 [INFO] Exited  StoreUsage
2022-08-30 07:27:06,421 [INFO] Entered StoreUsage
2022-08-30 07:27:06,424 [INFO] Entered CheckTableSize
2022-08-30 07:27:06,475 [INFO] Exited  CheckTableSize
2022-08-30 07:27:06,484 [INFO] Exited  StoreUsage
2022-08-30 07:27:06,484 [INFO] Entered StoreUsage
2022-08-30 07:27:06,486 [INFO] Entered CheckTableSize
2022-08-30 07:27:06,539 [INFO] Exited  CheckTableSize
2022-08-30 07:27:06,555 [INFO] Exited  StoreUsage
