2022-08-30 07:24:03,089 [INFO] Entered GetCPUUsage
2022-08-30 07:24:07,115 [INFO] Exited  GetCPUUsage
2022-08-30 07:24:07,123 [INFO] Entered GetDiskUsage
2022-08-30 07:24:07,128 [INFO] Exited  GetDiskUsage
2022-08-30 07:24:07,130 [INFO] Entered GetMemoryUsage
2022-08-30 07:24:07,141 [INFO] Exited  GetMemoryUsage
2022-08-30 07:24:07,258 [INFO] package: mysql.connector.plugins
2022-08-30 07:24:07,258 [INFO] plugin_name: caching_sha2_password
2022-08-30 07:24:07,269 [INFO] AUTHENTICATION_PLUGIN_CLASS: MySQLCachingSHA2PasswordAuthPlugin
2022-08-30 07:24:07,272 [INFO] Entered StoreUsage
2022-08-30 07:24:07,273 [INFO] Entered CheckTableSize
2022-08-30 07:24:07,322 [INFO] Exited  CheckTableSize
2022-08-30 07:24:07,409 [INFO] Exited  StoreUsage
2022-08-30 07:24:07,409 [INFO] Entered StoreUsage
2022-08-30 07:24:07,410 [INFO] Entered CheckTableSize
2022-08-30 07:24:07,465 [INFO] Exited  CheckTableSize
2022-08-30 07:24:07,471 [INFO] Exited  StoreUsage
2022-08-30 07:24:07,471 [INFO] Entered StoreUsage
2022-08-30 07:24:07,473 [INFO] Entered CheckTableSize
2022-08-30 07:24:07,528 [INFO] Exited  CheckTableSize
2022-08-30 07:24:07,627 [INFO] Exited  StoreUsage
