2022-08-30 07:40:03,901 [INFO] Entered GetCPUUsage
2022-08-30 07:40:07,904 [INFO] Exited  GetCPUUsage
2022-08-30 07:40:07,904 [INFO] Entered GetDiskUsage
2022-08-30 07:40:07,905 [INFO] Exited  GetDiskUsage
2022-08-30 07:40:07,905 [INFO] Entered GetMemoryUsage
2022-08-30 07:40:07,906 [INFO] Exited  GetMemoryUsage
2022-08-30 07:40:08,014 [INFO] package: mysql.connector.plugins
2022-08-30 07:40:08,015 [INFO] plugin_name: caching_sha2_password
2022-08-30 07:40:08,017 [INFO] AUTHENTICATION_PLUGIN_CLASS: MySQLCachingSHA2PasswordAuthPlugin
2022-08-30 07:40:08,020 [INFO] Entered StoreUsage
2022-08-30 07:40:08,021 [INFO] Entered CheckTableSize
2022-08-30 07:40:08,079 [INFO] Exited  CheckTableSize
2022-08-30 07:40:08,128 [INFO] Exited  StoreUsage
2022-08-30 07:40:08,129 [INFO] Entered StoreUsage
2022-08-30 07:40:08,131 [INFO] Entered CheckTableSize
2022-08-30 07:40:08,193 [INFO] Exited  CheckTableSize
2022-08-30 07:40:08,201 [INFO] Exited  StoreUsage
2022-08-30 07:40:08,202 [INFO] Entered StoreUsage
2022-08-30 07:40:08,204 [INFO] Entered CheckTableSize
2022-08-30 07:40:08,257 [INFO] Exited  CheckTableSize
2022-08-30 07:40:08,262 [INFO] Exited  StoreUsage
