2022-08-30 07:36:01,965 [INFO] Entered GetCPUUsage
2022-08-30 07:36:05,978 [INFO] Exited  GetCPUUsage
2022-08-30 07:36:05,979 [INFO] Entered GetDiskUsage
2022-08-30 07:36:05,979 [INFO] Exited  GetDiskUsage
2022-08-30 07:36:05,980 [INFO] Entered GetMemoryUsage
2022-08-30 07:36:05,981 [INFO] Exited  GetMemoryUsage
2022-08-30 07:36:06,122 [INFO] package: mysql.connector.plugins
2022-08-30 07:36:06,122 [INFO] plugin_name: caching_sha2_password
2022-08-30 07:36:06,124 [INFO] AUTHENTICATION_PLUGIN_CLASS: MySQLCachingSHA2PasswordAuthPlugin
2022-08-30 07:36:06,126 [INFO] Entered StoreUsage
2022-08-30 07:36:06,127 [INFO] Entered CheckTableSize
2022-08-30 07:36:06,181 [INFO] Exited  CheckTableSize
2022-08-30 07:36:06,208 [INFO] Exited  StoreUsage
2022-08-30 07:36:06,209 [INFO] Entered StoreUsage
2022-08-30 07:36:06,210 [INFO] Entered CheckTableSize
2022-08-30 07:36:06,272 [INFO] Exited  CheckTableSize
2022-08-30 07:36:06,278 [INFO] Exited  StoreUsage
2022-08-30 07:36:06,278 [INFO] Entered StoreUsage
2022-08-30 07:36:06,279 [INFO] Entered CheckTableSize
2022-08-30 07:36:06,313 [INFO] Exited  CheckTableSize
2022-08-30 07:36:06,318 [INFO] Exited  StoreUsage
