2022-08-30 06:09:02,358 [INFO] Entered GetCPUUsage
2022-08-30 06:09:06,367 [INFO] Exited  GetCPUUsage
2022-08-30 06:09:06,370 [INFO] Entered GetDiskUsage
2022-08-30 06:09:06,372 [INFO] Exited  GetDiskUsage
2022-08-30 06:09:06,374 [INFO] Entered GetMemoryUsage
2022-08-30 06:09:06,380 [INFO] Exited  GetMemoryUsage
2022-08-30 06:09:06,467 [INFO] package: mysql.connector.plugins
2022-08-30 06:09:06,468 [INFO] plugin_name: caching_sha2_password
2022-08-30 06:09:06,470 [INFO] AUTHENTICATION_PLUGIN_CLASS: MySQLCachingSHA2PasswordAuthPlugin
2022-08-30 06:09:06,472 [INFO] Entered StoreUsage
2022-08-30 06:09:06,473 [INFO] Entered CheckTableSize
2022-08-30 06:09:06,536 [INFO] Exited  CheckTableSize
2022-08-30 06:09:06,565 [INFO] Exited  StoreUsage
2022-08-30 06:09:06,565 [INFO] Entered StoreUsage
2022-08-30 06:09:06,567 [INFO] Entered CheckTableSize
2022-08-30 06:09:06,633 [INFO] Exited  CheckTableSize
2022-08-30 06:09:06,639 [INFO] Exited  StoreUsage
2022-08-30 06:09:06,639 [INFO] Entered StoreUsage
2022-08-30 06:09:06,640 [INFO] Entered CheckTableSize
2022-08-30 06:09:06,707 [INFO] Exited  CheckTableSize
2022-08-30 06:09:06,716 [INFO] Exited  StoreUsage
