2022-08-30 06:12:04,231 [INFO] Entered GetCPUUsage
2022-08-30 06:12:08,255 [INFO] Exited  GetCPUUsage
2022-08-30 06:12:08,262 [INFO] Entered GetDiskUsage
2022-08-30 06:12:08,265 [INFO] Exited  GetDiskUsage
2022-08-30 06:12:08,267 [INFO] Entered GetMemoryUsage
2022-08-30 06:12:08,273 [INFO] Exited  GetMemoryUsage
2022-08-30 06:12:08,467 [INFO] package: mysql.connector.plugins
2022-08-30 06:12:08,468 [INFO] plugin_name: caching_sha2_password
2022-08-30 06:12:08,470 [INFO] AUTHENTICATION_PLUGIN_CLASS: MySQLCachingSHA2PasswordAuthPlugin
2022-08-30 06:12:08,473 [INFO] Entered StoreUsage
2022-08-30 06:12:08,474 [INFO] Entered CheckTableSize
2022-08-30 06:12:08,535 [INFO] Exited  CheckTableSize
2022-08-30 06:12:08,552 [INFO] Exited  StoreUsage
2022-08-30 06:12:08,552 [INFO] Entered StoreUsage
2022-08-30 06:12:08,554 [INFO] Entered CheckTableSize
2022-08-30 06:12:08,604 [INFO] Exited  CheckTableSize
2022-08-30 06:12:08,610 [INFO] Exited  StoreUsage
2022-08-30 06:12:08,610 [INFO] Entered StoreUsage
2022-08-30 06:12:08,612 [INFO] Entered CheckTableSize
2022-08-30 06:12:08,656 [INFO] Exited  CheckTableSize
2022-08-30 06:12:08,662 [INFO] Exited  StoreUsage
