2022-08-30 07:49:02,613 [INFO] Entered GetCPUUsage
2022-08-30 07:49:06,622 [INFO] Exited  GetCPUUsage
2022-08-30 07:49:06,622 [INFO] Entered GetDiskUsage
2022-08-30 07:49:06,623 [INFO] Exited  GetDiskUsage
2022-08-30 07:49:06,623 [INFO] Entered GetMemoryUsage
2022-08-30 07:49:06,625 [INFO] Exited  GetMemoryUsage
2022-08-30 07:49:06,711 [INFO] package: mysql.connector.plugins
2022-08-30 07:49:06,712 [INFO] plugin_name: caching_sha2_password
2022-08-30 07:49:06,713 [INFO] AUTHENTICATION_PLUGIN_CLASS: MySQLCachingSHA2PasswordAuthPlugin
2022-08-30 07:49:06,716 [INFO] Entered StoreUsage
2022-08-30 07:49:06,717 [INFO] Entered CheckTableSize
2022-08-30 07:49:06,780 [INFO] Exited  CheckTableSize
2022-08-30 07:49:06,805 [INFO] Exited  StoreUsage
2022-08-30 07:49:06,805 [INFO] Entered StoreUsage
2022-08-30 07:49:06,807 [INFO] Entered CheckTableSize
2022-08-30 07:49:06,857 [INFO] Exited  CheckTableSize
2022-08-30 07:49:06,868 [INFO] Exited  StoreUsage
2022-08-30 07:49:06,868 [INFO] Entered StoreUsage
2022-08-30 07:49:06,870 [INFO] Entered CheckTableSize
2022-08-30 07:49:06,925 [INFO] Exited  CheckTableSize
2022-08-30 07:49:06,933 [INFO] Exited  StoreUsage
