2022-08-30 06:19:04,936 [INFO] Entered GetCPUUsage
2022-08-30 06:19:08,961 [INFO] Exited  GetCPUUsage
2022-08-30 06:19:08,961 [INFO] Entered GetDiskUsage
2022-08-30 06:19:08,962 [INFO] Exited  GetDiskUsage
2022-08-30 06:19:08,962 [INFO] Entered GetMemoryUsage
2022-08-30 06:19:08,963 [INFO] Exited  GetMemoryUsage
2022-08-30 06:19:09,047 [INFO] package: mysql.connector.plugins
2022-08-30 06:19:09,048 [INFO] plugin_name: caching_sha2_password
2022-08-30 06:19:09,050 [INFO] AUTHENTICATION_PLUGIN_CLASS: MySQLCachingSHA2PasswordAuthPlugin
2022-08-30 06:19:09,052 [INFO] Entered StoreUsage
2022-08-30 06:19:09,053 [INFO] Entered CheckTableSize
2022-08-30 06:19:09,124 [INFO] Exited  CheckTableSize
2022-08-30 06:19:09,131 [INFO] Exited  StoreUsage
2022-08-30 06:19:09,131 [INFO] Entered StoreUsage
2022-08-30 06:19:09,133 [INFO] Entered CheckTableSize
2022-08-30 06:19:09,193 [INFO] Exited  CheckTableSize
2022-08-30 06:19:09,199 [INFO] Exited  StoreUsage
2022-08-30 06:19:09,199 [INFO] Entered StoreUsage
2022-08-30 06:19:09,200 [INFO] Entered CheckTableSize
2022-08-30 06:19:09,246 [INFO] Exited  CheckTableSize
2022-08-30 06:19:09,251 [INFO] Exited  StoreUsage
