2022-08-30 07:34:03,958 [INFO] Entered GetCPUUsage
2022-08-30 07:34:07,974 [INFO] Exited  GetCPUUsage
2022-08-30 07:34:07,975 [INFO] Entered GetDiskUsage
2022-08-30 07:34:07,975 [INFO] Exited  GetDiskUsage
2022-08-30 07:34:07,975 [INFO] Entered GetMemoryUsage
2022-08-30 07:34:07,977 [INFO] Exited  GetMemoryUsage
2022-08-30 07:34:08,075 [INFO] package: mysql.connector.plugins
2022-08-30 07:34:08,076 [INFO] plugin_name: caching_sha2_password
2022-08-30 07:34:08,078 [INFO] AUTHENTICATION_PLUGIN_CLASS: MySQLCachingSHA2PasswordAuthPlugin
2022-08-30 07:34:08,081 [INFO] Entered StoreUsage
2022-08-30 07:34:08,082 [INFO] Entered CheckTableSize
2022-08-30 07:34:08,167 [INFO] Exited  CheckTableSize
2022-08-30 07:34:08,209 [INFO] Exited  StoreUsage
2022-08-30 07:34:08,209 [INFO] Entered StoreUsage
2022-08-30 07:34:08,210 [INFO] Entered CheckTableSize
2022-08-30 07:34:08,246 [INFO] Exited  CheckTableSize
2022-08-30 07:34:08,258 [INFO] Exited  StoreUsage
2022-08-30 07:34:08,259 [INFO] Entered StoreUsage
2022-08-30 07:34:08,261 [INFO] Entered CheckTableSize
2022-08-30 07:34:08,316 [INFO] Exited  CheckTableSize
2022-08-30 07:34:08,337 [INFO] Exited  StoreUsage
