2022-08-30 07:29:02,100 [INFO] Entered GetCPUUsage
2022-08-30 07:29:06,102 [INFO] Exited  GetCPUUsage
2022-08-30 07:29:06,103 [INFO] Entered GetDiskUsage
2022-08-30 07:29:06,104 [INFO] Exited  GetDiskUsage
2022-08-30 07:29:06,104 [INFO] Entered GetMemoryUsage
2022-08-30 07:29:06,106 [INFO] Exited  GetMemoryUsage
2022-08-30 07:29:06,199 [INFO] package: mysql.connector.plugins
2022-08-30 07:29:06,199 [INFO] plugin_name: caching_sha2_password
2022-08-30 07:29:06,201 [INFO] AUTHENTICATION_PLUGIN_CLASS: MySQLCachingSHA2PasswordAuthPlugin
2022-08-30 07:29:06,204 [INFO] Entered StoreUsage
2022-08-30 07:29:06,205 [INFO] Entered CheckTableSize
2022-08-30 07:29:06,267 [INFO] Exited  CheckTableSize
2022-08-30 07:29:06,302 [INFO] Exited  StoreUsage
2022-08-30 07:29:06,302 [INFO] Entered StoreUsage
2022-08-30 07:29:06,304 [INFO] Entered CheckTableSize
2022-08-30 07:29:06,352 [INFO] Exited  CheckTableSize
2022-08-30 07:29:06,358 [INFO] Exited  StoreUsage
2022-08-30 07:29:06,359 [INFO] Entered StoreUsage
2022-08-30 07:29:06,360 [INFO] Entered CheckTableSize
2022-08-30 07:29:06,414 [INFO] Exited  CheckTableSize
2022-08-30 07:29:06,420 [INFO] Exited  StoreUsage
